\BOOKMARK [0][-]{Doc-Start}{Spis rysunk\363w}{}% 1
\BOOKMARK [0][-]{Doc-Start}{Spis tabel}{}% 2
\BOOKMARK [0][-]{Doc-Start}{Wstep}{}% 3
\BOOKMARK [0][-]{chapter.1}{Wprowadzenie}{}% 4
\BOOKMARK [1][-]{section.1.1}{Planowanie}{chapter.1}% 5
\BOOKMARK [1][-]{section.1.2}{Planowanie przy uzyciu komputer\363w}{chapter.1}% 6
\BOOKMARK [2][-]{subsection.1.2.1}{STRIPS}{section.1.2}% 7
\BOOKMARK [2][-]{subsection.1.2.2}{Rozwiazywanie ludzkich problem\363w}{section.1.2}% 8
\BOOKMARK [2][-]{subsection.1.2.3}{Liniowy i czesciowy porzadek}{section.1.2}% 9
\BOOKMARK [2][-]{subsection.1.2.4}{ADL i PDDL}{section.1.2}% 10
\BOOKMARK [2][-]{subsection.1.2.5}{Nowoczesne rozwiazania}{section.1.2}% 11
\BOOKMARK [2][-]{subsection.1.2.6}{Miejsce GRAPHPLAN'u}{section.1.2}% 12
\BOOKMARK [0][-]{chapter.2}{GRAPHPLAN}{}% 13
\BOOKMARK [1][-]{section.2.1}{Wprowadzenie}{chapter.2}% 14
\BOOKMARK [1][-]{section.2.2}{Warunki poczatkowe}{chapter.2}% 15
\BOOKMARK [1][-]{section.2.3}{Akcje}{chapter.2}% 16
\BOOKMARK [2][-]{subsection.2.3.1}{Typy akcji}{section.2.3}% 17
\BOOKMARK [1][-]{section.2.4}{Definiowanie swiata}{chapter.2}% 18
\BOOKMARK [1][-]{section.2.5}{Warstwy grafu}{chapter.2}% 19
\BOOKMARK [1][-]{section.2.6}{R\363wnoleg\233osc}{chapter.2}% 20
\BOOKMARK [2][-]{subsection.2.6.1}{Wzajemne wykluczanie}{section.2.6}% 21
\BOOKMARK [1][-]{section.2.7}{Wyszukiwanie planu}{chapter.2}% 22
\BOOKMARK [1][-]{section.2.8}{W\233asnosci GRAPHPLAN'u}{chapter.2}% 23
\BOOKMARK [2][-]{subsection.2.8.1}{Z\233ozonosc obliczeniowa}{section.2.8}% 24
\BOOKMARK [2][-]{subsection.2.8.2}{Problem stopu}{section.2.8}% 25
\BOOKMARK [0][-]{chapter.3}{Programowanie ograniczen}{}% 26
\BOOKMARK [1][-]{section.3.1}{Wprowadzenie}{chapter.3}% 27
\BOOKMARK [1][-]{section.3.2}{Pojecie ustalenia i sp\363jnosci}{chapter.3}% 28
\BOOKMARK [1][-]{section.3.3}{Ograniczenia globalne}{chapter.3}% 29
\BOOKMARK [1][-]{section.3.4}{Wyszukiwanie rozwiazan}{chapter.3}% 30
\BOOKMARK [1][-]{section.3.5}{Programowanie w logice z ograniczeniami}{chapter.3}% 31
\BOOKMARK [1][-]{section.3.6}{Obrazowe przyk\233ady}{chapter.3}% 32
\BOOKMARK [2][-]{subsection.3.6.1}{Problem plecakowy}{section.3.6}% 33
\BOOKMARK [2][-]{subsection.3.6.2}{Krypto-arytmetyczna \233amig\233\363wka}{section.3.6}% 34
\BOOKMARK [1][-]{section.3.7}{Wykorzystanie w algorytmie}{chapter.3}% 35
\BOOKMARK [0][-]{chapter.4}{Implementacja}{}% 36
\BOOKMARK [1][-]{section.4.1}{Opis komponent\363w i ich po\233aczen}{chapter.4}% 37
\BOOKMARK [1][-]{section.4.2}{Implementacja algorytmu}{chapter.4}% 38
\BOOKMARK [1][-]{section.4.3}{Generowanie graf\363w}{chapter.4}% 39
\BOOKMARK [2][-]{subsection.4.3.1}{Struktura pliku tekstowego}{section.4.3}% 40
\BOOKMARK [2][-]{subsection.4.3.2}{Graf prosty}{section.4.3}% 41
\BOOKMARK [2][-]{subsection.4.3.3}{Graf pe\233ny}{section.4.3}% 42
\BOOKMARK [1][-]{section.4.4}{Interfejs uzytkownika}{chapter.4}% 43
\BOOKMARK [1][-]{section.4.5}{Uruchomienie algorytmu z linii komend}{chapter.4}% 44
\BOOKMARK [0][-]{chapter.5}{Instalacja i wdrozenie}{}% 45
\BOOKMARK [1][-]{section.5.1}{Instalacja pakietu SWI-Prolog}{chapter.5}% 46
\BOOKMARK [1][-]{section.5.2}{Instalacja jezyka Python}{chapter.5}% 47
\BOOKMARK [1][-]{section.5.3}{Dokumentacja}{chapter.5}% 48
\BOOKMARK [1][-]{section.5.4}{Spos\363b uruchomienia programu}{chapter.5}% 49
\BOOKMARK [0][-]{chapter.6}{Testy}{}% 50
\BOOKMARK [1][-]{section.6.1}{15}{chapter.6}% 51
\BOOKMARK [2][-]{subsection.6.1.1}{Wprowadzenie}{section.6.1}% 52
\BOOKMARK [2][-]{subsection.6.1.2}{Teoria}{section.6.1}% 53
\BOOKMARK [2][-]{subsection.6.1.3}{Przyk\233ad}{section.6.1}% 54
\BOOKMARK [2][-]{subsection.6.1.4}{Szczeg\363\233y implementacyjne}{section.6.1}% 55
\BOOKMARK [2][-]{subsection.6.1.5}{Wyniki}{section.6.1}% 56
\BOOKMARK [2][-]{subsection.6.1.6}{M\233odsza siostra- \363semka}{section.6.1}% 57
\BOOKMARK [2][-]{subsection.6.1.7}{Wyniki dla 8}{section.6.1}% 58
\BOOKMARK [2][-]{subsection.6.1.8}{Wnioski}{section.6.1}% 59
\BOOKMARK [1][-]{section.6.2}{CargoBot}{chapter.6}% 60
\BOOKMARK [2][-]{subsection.6.2.1}{Wprowadzenie}{section.6.2}% 61
\BOOKMARK [2][-]{subsection.6.2.2}{Przyk\233ad}{section.6.2}% 62
\BOOKMARK [2][-]{subsection.6.2.3}{Szczeg\363\233y implementacyjne}{section.6.2}% 63
\BOOKMARK [2][-]{subsection.6.2.4}{Wyniki}{section.6.2}% 64
\BOOKMARK [2][-]{subsection.6.2.5}{Wnioski}{section.6.2}% 65
\BOOKMARK [1][-]{section.6.3}{Przemieszczanie w przestrzeni}{chapter.6}% 66
\BOOKMARK [2][-]{subsection.6.3.1}{Wprowadzenie}{section.6.3}% 67
\BOOKMARK [2][-]{subsection.6.3.2}{Przyk\233ad}{section.6.3}% 68
\BOOKMARK [2][-]{subsection.6.3.3}{Szczeg\363\233y implementacyjne}{section.6.3}% 69
\BOOKMARK [2][-]{subsection.6.3.4}{Wyniki}{section.6.3}% 70
\BOOKMARK [2][-]{subsection.6.3.5}{Wnioski}{section.6.3}% 71
\BOOKMARK [1][-]{section.6.4}{Wieza Hanoi}{chapter.6}% 72
\BOOKMARK [2][-]{subsection.6.4.1}{Wprowadzenie}{section.6.4}% 73
\BOOKMARK [2][-]{subsection.6.4.2}{Przyk\233ad}{section.6.4}% 74
\BOOKMARK [2][-]{subsection.6.4.3}{Szczeg\363\233y implementacyjne}{section.6.4}% 75
\BOOKMARK [2][-]{subsection.6.4.4}{Wyniki}{section.6.4}% 76
\BOOKMARK [2][-]{subsection.6.4.5}{Wnioski}{section.6.4}% 77
\BOOKMARK [1][-]{section.6.5}{Osiem Hetman\363w}{chapter.6}% 78
\BOOKMARK [2][-]{subsection.6.5.1}{Wprowadzenie}{section.6.5}% 79
\BOOKMARK [2][-]{subsection.6.5.2}{Przyk\233ad}{section.6.5}% 80
\BOOKMARK [2][-]{subsection.6.5.3}{Szczeg\363\233y implementacyjne}{section.6.5}% 81
\BOOKMARK [2][-]{subsection.6.5.4}{Wyniki}{section.6.5}% 82
\BOOKMARK [2][-]{subsection.6.5.5}{Wnioski}{section.6.5}% 83
\BOOKMARK [0][-]{chapter*.36}{Podsumowanie}{}% 84
\BOOKMARK [0][-]{chapter*.37}{Bibliografia}{}% 85
\BOOKMARK [0][-]{appendix.A}{Zawartosc p\233yty CD}{}% 86
