This is pdfTeX, Version 3.14159265-2.6-1.40.20 (TeX Live 2019/Debian) (preloaded format=pdflatex 2022.5.18)  7 DEC 2022 02:29
entering extended mode
 \write18 enabled.
 %&-line parsing enabled.
**praca
(./praca.tex
LaTeX2e <2020-02-02> patch level 2
L3 programming layer <2020-02-14>
(/usr/share/texlive/texmf-dist/tex/latex/base/book.cls
Document Class: book 2019/12/20 v1.4l Standard LaTeX document class
(/usr/share/texlive/texmf-dist/tex/latex/base/bk10.clo
File: bk10.clo 2019/12/20 v1.4l Standard LaTeX file (size option)
)
\c@part=\count167
\c@chapter=\count168
\c@section=\count169
\c@subsection=\count170
\c@subsubsection=\count171
\c@paragraph=\count172
\c@subparagraph=\count173
\c@figure=\count174
\c@table=\count175
\abovecaptionskip=\skip47
\belowcaptionskip=\skip48
\bibindent=\dimen134
)
(/usr/share/texlive/texmf-dist/tex/latex/psnfss/times.sty
Package: times 2005/04/12 PSNFSS-v9.2a (SPQR) 
)
(/usr/share/texlive/texmf-dist/tex/generic/babel/babel.sty
Package: babel 2020/02/14 3.40 The Babel package

(/usr/share/texlive/texmf-dist/tex/generic/babel/switch.def
File: switch.def 2020/02/14 3.40 Babel switching mechanism
)
(/usr/share/texlive/texmf-dist/tex/generic/babel-polish/polish.ldf
Language: polish 2005/03/31 v1.2l Polish support from the babel system

(/usr/share/texlive/texmf-dist/tex/generic/babel/babel.def
File: babel.def 2020/02/14 3.40 Babel common definitions
\babel@savecnt=\count176
\U@D=\dimen135

(/usr/share/texlive/texmf-dist/tex/generic/babel/txtbabel.def)
\bbl@readstream=\read2
\bbl@dirlevel=\count177
)
Package babel Info: Making " an active character on input line 83.
\pl@left=\dimen136
\pl@down=\dimen137
\pl@right=\dimen138
\pl@temp=\dimen139
))
(/usr/share/texlive/texmf-dist/tex/latex/base/inputenc.sty
Package: inputenc 2018/08/11 v1.3c Input encoding file
\inpenc@prehook=\toks14
\inpenc@posthook=\toks15
)
(/usr/share/texmf/tex/latex/lm/lmodern.sty
Package: lmodern 2009/10/30 v1.6 Latin Modern Fonts
LaTeX Font Info:    Overwriting symbol font `operators' in version `normal'
(Font)                  OT1/cmr/m/n --> OT1/lmr/m/n on input line 22.
LaTeX Font Info:    Overwriting symbol font `letters' in version `normal'
(Font)                  OML/cmm/m/it --> OML/lmm/m/it on input line 23.
LaTeX Font Info:    Overwriting symbol font `symbols' in version `normal'
(Font)                  OMS/cmsy/m/n --> OMS/lmsy/m/n on input line 24.
LaTeX Font Info:    Overwriting symbol font `largesymbols' in version `normal'
(Font)                  OMX/cmex/m/n --> OMX/lmex/m/n on input line 25.
LaTeX Font Info:    Overwriting symbol font `operators' in version `bold'
(Font)                  OT1/cmr/bx/n --> OT1/lmr/bx/n on input line 26.
LaTeX Font Info:    Overwriting symbol font `letters' in version `bold'
(Font)                  OML/cmm/b/it --> OML/lmm/b/it on input line 27.
LaTeX Font Info:    Overwriting symbol font `symbols' in version `bold'
(Font)                  OMS/cmsy/b/n --> OMS/lmsy/b/n on input line 28.
LaTeX Font Info:    Overwriting symbol font `largesymbols' in version `bold'
(Font)                  OMX/cmex/m/n --> OMX/lmex/m/n on input line 29.
LaTeX Font Info:    Overwriting math alphabet `\mathbf' in version `normal'
(Font)                  OT1/cmr/bx/n --> OT1/lmr/bx/n on input line 31.
LaTeX Font Info:    Overwriting math alphabet `\mathsf' in version `normal'
(Font)                  OT1/cmss/m/n --> OT1/lmss/m/n on input line 32.
LaTeX Font Info:    Overwriting math alphabet `\mathit' in version `normal'
(Font)                  OT1/cmr/m/it --> OT1/lmr/m/it on input line 33.
LaTeX Font Info:    Overwriting math alphabet `\mathtt' in version `normal'
(Font)                  OT1/cmtt/m/n --> OT1/lmtt/m/n on input line 34.
LaTeX Font Info:    Overwriting math alphabet `\mathbf' in version `bold'
(Font)                  OT1/cmr/bx/n --> OT1/lmr/bx/n on input line 35.
LaTeX Font Info:    Overwriting math alphabet `\mathsf' in version `bold'
(Font)                  OT1/cmss/bx/n --> OT1/lmss/bx/n on input line 36.
LaTeX Font Info:    Overwriting math alphabet `\mathit' in version `bold'
(Font)                  OT1/cmr/bx/it --> OT1/lmr/bx/it on input line 37.
LaTeX Font Info:    Overwriting math alphabet `\mathtt' in version `bold'
(Font)                  OT1/cmtt/m/n --> OT1/lmtt/m/n on input line 38.
)
(/usr/share/texlive/texmf-dist/tex/latex/tools/indentfirst.sty
Package: indentfirst 1995/11/23 v1.03 Indent first paragraph (DPC)
)
(/usr/share/texlive/texmf-dist/tex/latex/polski/polski.sty
Package: polski 2017/05/04 v1.3.4 Polish language package

   Inputenc package detected. Catcodes not changed.
(/usr/share/texlive/texmf-dist/tex/latex/base/ot4enc.def
File: ot4enc.def 2020/02/11 v2.0o Standard LaTeX file
Now handling font encoding OT4 ...
... no UTF-8 mapping file for font encoding OT4
)
LaTeX Font Info:    Overwriting math alphabet `\mathbf' in version `normal'
(Font)                  OT1/lmr/bx/n --> OT4/cmr/bx/n on input line 324.
LaTeX Font Info:    Overwriting math alphabet `\mathsf' in version `normal'
(Font)                  OT1/lmss/m/n --> OT4/cmss/m/n on input line 324.
LaTeX Font Info:    Overwriting math alphabet `\mathit' in version `normal'
(Font)                  OT1/lmr/m/it --> OT4/cmr/m/it on input line 324.
LaTeX Font Info:    Overwriting math alphabet `\mathtt' in version `normal'
(Font)                  OT1/lmtt/m/n --> OT4/cmtt/m/n on input line 324.
LaTeX Font Info:    Overwriting math alphabet `\mathsf' in version `bold'
(Font)                  OT1/lmss/bx/n --> OT4/cmss/bx/n on input line 324.
LaTeX Font Info:    Overwriting math alphabet `\mathit' in version `bold'
(Font)                  OT1/lmr/bx/it --> OT4/cmr/bx/it on input line 324.
LaTeX Font Info:    Encoding `OT1' has changed to `OT4' for symbol font
(Font)              `operators' in the math version `normal' on input line 324.

LaTeX Font Info:    Overwriting symbol font `operators' in version `normal'
(Font)                  OT1/lmr/m/n --> OT4/cmr/m/n on input line 324.
LaTeX Font Info:    Overwriting symbol font `letters' in version `normal'
(Font)                  OML/lmm/m/it --> OML/plm/m/it on input line 324.
LaTeX Font Info:    Overwriting symbol font `symbols' in version `normal'
(Font)                  OMS/lmsy/m/n --> OMS/plsy/m/n on input line 324.
LaTeX Font Info:    Overwriting symbol font `largesymbols' in version `normal'
(Font)                  OMX/lmex/m/n --> OMX/plex/m/n on input line 324.
LaTeX Font Info:    Encoding `OT1' has changed to `OT4' for symbol font
(Font)              `operators' in the math version `bold' on input line 324.
LaTeX Font Info:    Overwriting symbol font `operators' in version `bold'
(Font)                  OT1/lmr/bx/n --> OT4/cmr/bx/n on input line 324.
LaTeX Font Info:    Overwriting symbol font `letters' in version `bold'
(Font)                  OML/lmm/b/it --> OML/plm/b/it on input line 324.
LaTeX Font Info:    Overwriting symbol font `symbols' in version `bold'
(Font)                  OMS/lmsy/b/n --> OMS/plsy/b/n on input line 324.

   Switching to Polish text encoding and Polish maths fonts.
LaTeX Font Info:    Trying to load font information for OT4+cmr on input line 3
60.
(/usr/share/texlive/texmf-dist/tex/latex/polski/ot4cmr.fd
File: ot4cmr.fd 2008/02/24 v1.2.1 Font defs for fonts PL (MW)
)
LaTeX Font Info:    Overwriting math alphabet `\mathbf' in version `normal'
(Font)                  OT4/cmr/bx/n --> OT4/cmr/bx/n on input line 360.
LaTeX Font Info:    Overwriting math alphabet `\mathsf' in version `normal'
(Font)                  OT4/cmss/m/n --> OT4/cmss/m/n on input line 360.
LaTeX Font Info:    Overwriting math alphabet `\mathit' in version `normal'
(Font)                  OT4/cmr/m/it --> OT4/cmr/m/it on input line 360.
LaTeX Font Info:    Overwriting math alphabet `\mathtt' in version `normal'
(Font)                  OT4/cmtt/m/n --> OT4/cmtt/m/n on input line 360.
LaTeX Font Info:    Overwriting math alphabet `\mathsf' in version `bold'
(Font)                  OT4/cmss/bx/n --> OT4/cmss/bx/n on input line 360.
LaTeX Font Info:    Overwriting math alphabet `\mathit' in version `bold'
(Font)                  OT4/cmr/bx/it --> OT4/cmr/bx/it on input line 360.
LaTeX Font Info:    Overwriting symbol font `operators' in version `normal'
(Font)                  OT4/cmr/m/n --> OT4/cmr/m/n on input line 360.
LaTeX Font Info:    Overwriting symbol font `letters' in version `normal'
(Font)                  OML/plm/m/it --> OML/plm/m/it on input line 360.
LaTeX Font Info:    Overwriting symbol font `symbols' in version `normal'
(Font)                  OMS/plsy/m/n --> OMS/plsy/m/n on input line 360.
LaTeX Font Info:    Overwriting symbol font `largesymbols' in version `normal'
(Font)                  OMX/plex/m/n --> OMX/plex/m/n on input line 360.
LaTeX Font Info:    Overwriting symbol font `operators' in version `bold'
(Font)                  OT4/cmr/bx/n --> OT4/cmr/bx/n on input line 360.
LaTeX Font Info:    Overwriting symbol font `letters' in version `bold'
(Font)                  OML/plm/b/it --> OML/plm/b/it on input line 360.
LaTeX Font Info:    Overwriting symbol font `symbols' in version `bold'
(Font)                  OMS/plsy/b/n --> OMS/plsy/b/n on input line 360.
LaTeX Font Info:    Redeclaring math symbol \xleq on input line 360.
LaTeX Font Info:    Redeclaring math symbol \xgeq on input line 360.
)
(/usr/share/texlive/texmf-dist/tex/latex/was/icomma.sty
Package: icomma 2002/03/10 v2.0 (WaS)
)
(/usr/share/texlive/texmf-dist/tex/latex/amsmath/amsmath.sty
Package: amsmath 2020/01/20 v2.17e AMS math features
\@mathmargin=\skip49

For additional information on amsmath, use the `?' option.
(/usr/share/texlive/texmf-dist/tex/latex/amsmath/amstext.sty
Package: amstext 2000/06/29 v2.01 AMS text

(/usr/share/texlive/texmf-dist/tex/latex/amsmath/amsgen.sty
File: amsgen.sty 1999/11/30 v2.0 generic functions
\@emptytoks=\toks16
\ex@=\dimen140
))
(/usr/share/texlive/texmf-dist/tex/latex/amsmath/amsbsy.sty
Package: amsbsy 1999/11/29 v1.2d Bold Symbols
\pmbraise@=\dimen141
)
(/usr/share/texlive/texmf-dist/tex/latex/amsmath/amsopn.sty
Package: amsopn 2016/03/08 v2.02 operator names
)
\inf@bad=\count178
LaTeX Info: Redefining \frac on input line 227.
\uproot@=\count179
\leftroot@=\count180
LaTeX Info: Redefining \overline on input line 389.
\classnum@=\count181
\DOTSCASE@=\count182
LaTeX Info: Redefining \ldots on input line 486.
LaTeX Info: Redefining \dots on input line 489.
LaTeX Info: Redefining \cdots on input line 610.
\Mathstrutbox@=\box45
\strutbox@=\box46
\big@size=\dimen142
LaTeX Font Info:    Redeclaring font encoding OML on input line 733.
LaTeX Font Info:    Redeclaring font encoding OMS on input line 734.
\macc@depth=\count183
\c@MaxMatrixCols=\count184
\dotsspace@=\muskip16
\c@parentequation=\count185
\dspbrk@lvl=\count186
\tag@help=\toks17
\row@=\count187
\column@=\count188
\maxfields@=\count189
\andhelp@=\toks18
\eqnshift@=\dimen143
\alignsep@=\dimen144
\tagshift@=\dimen145
\tagwidth@=\dimen146
\totwidth@=\dimen147
\lineht@=\dimen148
\@envbody=\toks19
\multlinegap=\skip50
\multlinetaggap=\skip51
\mathdisplay@stack=\toks20
LaTeX Info: Redefining \[ on input line 2859.
LaTeX Info: Redefining \] on input line 2860.
)
(/usr/share/texlive/texmf-dist/tex/latex/amsfonts/amssymb.sty
Package: amssymb 2013/01/14 v3.01 AMS font symbols

(/usr/share/texlive/texmf-dist/tex/latex/amsfonts/amsfonts.sty
Package: amsfonts 2013/01/14 v3.01 Basic AMSFonts support
\symAMSa=\mathgroup4
\symAMSb=\mathgroup5
LaTeX Font Info:    Redeclaring math symbol \hbar on input line 98.
LaTeX Font Info:    Overwriting math alphabet `\mathfrak' in version `bold'
(Font)                  U/euf/m/n --> U/euf/b/n on input line 106.
))
(/usr/share/texlive/texmf-dist/tex/latex/jknapltx/mathrsfs.sty
Package: mathrsfs 1996/01/01 Math RSFS package v1.0 (jk)
\symrsfs=\mathgroup6
)
(/usr/share/texlive/texmf-dist/tex/latex/bbold/bbold.sty
Package: bbold 1994/04/06 Bbold symbol package
LaTeX Font Info:    Redeclaring math alphabet \mathbb on input line 42.
)
(/usr/share/texlive/texmf-dist/tex/latex/mathtools/mathtools.sty
Package: mathtools 2020/01/17 v1.23 mathematical typesetting tools

(/usr/share/texlive/texmf-dist/tex/latex/graphics/keyval.sty
Package: keyval 2014/10/28 v1.15 key=value parser (DPC)
\KV@toks@=\toks21
)
(/usr/share/texlive/texmf-dist/tex/latex/tools/calc.sty
Package: calc 2017/05/25 v4.3 Infix arithmetic (KKT,FJ)
\calc@Acount=\count190
\calc@Bcount=\count191
\calc@Adimen=\dimen149
\calc@Bdimen=\dimen150
\calc@Askip=\skip52
\calc@Bskip=\skip53
LaTeX Info: Redefining \setlength on input line 80.
LaTeX Info: Redefining \addtolength on input line 81.
\calc@Ccount=\count192
\calc@Cskip=\skip54
)
(/usr/share/texlive/texmf-dist/tex/latex/mathtools/mhsetup.sty
Package: mhsetup 2017/03/31 v1.3 programming setup (MH)
)
LaTeX Info: Thecontrolsequence`\('isalreadyrobust on input line 129.
LaTeX Info: Thecontrolsequence`\)'isalreadyrobust on input line 129.
LaTeX Info: Thecontrolsequence`\['isalreadyrobust on input line 129.
LaTeX Info: Thecontrolsequence`\]'isalreadyrobust on input line 129.
\g_MT_multlinerow_int=\count193
\l_MT_multwidth_dim=\dimen151
\origjot=\skip55
\l_MT_shortvdotswithinadjustabove_dim=\dimen152
\l_MT_shortvdotswithinadjustbelow_dim=\dimen153
\l_MT_above_intertext_sep=\dimen154
\l_MT_below_intertext_sep=\dimen155
\l_MT_above_shortintertext_sep=\dimen156
\l_MT_below_shortintertext_sep=\dimen157
)
(/usr/share/texlive/texmf-dist/tex/latex/minted/minted.sty
Package: minted 2017/07/19 v2.5 Yet another Pygments shim for LaTeX

(/usr/share/texlive/texmf-dist/tex/latex/kvoptions/kvoptions.sty
Package: kvoptions 2019/11/29 v3.13 Key value format for package options (HO)

(/usr/share/texlive/texmf-dist/tex/generic/ltxcmds/ltxcmds.sty
Package: ltxcmds 2019/12/15 v1.24 LaTeX kernel commands for general use (HO)
)
(/usr/share/texlive/texmf-dist/tex/generic/kvsetkeys/kvsetkeys.sty
Package: kvsetkeys 2019/12/15 v1.18 Key value parser (HO)
))
(/usr/share/texlive/texmf-dist/tex/latex/fvextra/fvextra.sty
Package: fvextra 2019/02/04 v1.4 fvextra - extensions and patches for fancyvrb

(/usr/share/texlive/texmf-dist/tex/latex/base/ifthen.sty
Package: ifthen 2014/09/29 v1.1c Standard LaTeX ifthen package (DPC)
)
(/usr/share/texlive/texmf-dist/tex/latex/etoolbox/etoolbox.sty
Package: etoolbox 2019/09/21 v2.5h e-TeX tools for LaTeX (JAW)
\etb@tempcnta=\count194
)
(/usr/share/texlive/texmf-dist/tex/latex/fancyvrb/fancyvrb.sty
Package: fancyvrb 2020/01/13 v3.5 verbatim text (tvz,hv)
\FV@CodeLineNo=\count195
\FV@InFile=\read3
\FV@TabBox=\box47
\c@FancyVerbLine=\count196
\FV@StepNumber=\count197
\FV@OutFile=\write3
)
(/usr/share/texlive/texmf-dist/tex/latex/upquote/upquote.sty
Package: upquote 2012/04/19 v1.3 upright-quote and grave-accent glyphs in verba
tim

(/usr/share/texlive/texmf-dist/tex/latex/base/textcomp.sty
Package: textcomp 2020/02/02 v2.0n Standard LaTeX package
))
(/usr/share/texlive/texmf-dist/tex/latex/lineno/lineno.sty
Package: lineno 2005/11/02 line numbers on paragraphs v4.41
\linenopenalty=\count198
\output=\toks22
\linenoprevgraf=\count199
\linenumbersep=\dimen158
\linenumberwidth=\dimen159
\c@linenumber=\count266
\c@pagewiselinenumber=\count267
\c@LN@truepage=\count268
\c@internallinenumber=\count269
\c@internallinenumbers=\count270
\quotelinenumbersep=\dimen160
\bframerule=\dimen161
\bframesep=\dimen162
\bframebox=\box48
LaTeX Info: Redefining \\ on input line 3056.
)
\c@FV@TrueTabGroupLevel=\count271
\c@FV@TrueTabCounter=\count272
\FV@TabBox@Group=\box49
\FV@TmpLength=\skip56
\c@FV@HighlightLinesStart=\count273
\c@FV@HighlightLinesStop=\count274
\FV@LoopCount=\count275
\FV@NCharsBox=\box50
\FV@BreakIndent=\dimen163
\FV@BreakIndentNChars=\count276
\FV@BreakSymbolSepLeft=\dimen164
\FV@BreakSymbolSepLeftNChars=\count277
\FV@BreakSymbolSepRight=\dimen165
\FV@BreakSymbolSepRightNChars=\count278
\FV@BreakSymbolIndentLeft=\dimen166
\FV@BreakSymbolIndentLeftNChars=\count279
\FV@BreakSymbolIndentRight=\dimen167
\FV@BreakSymbolIndentRightNChars=\count280
\c@FancyVerbLineBreakLast=\count281
\FV@LineBox=\box51
\FV@LineIndentBox=\box52
\FV@LineWidth=\dimen168
)
(/usr/share/texlive/texmf-dist/tex/latex/tools/shellesc.sty
Package: shellesc 2019/11/08 v1.0c unified shell escape interface for LaTeX
Package shellesc Info: Unrestricted shell escape enabled on input line 75.
)
(/usr/share/texlive/texmf-dist/tex/latex/ifplatform/ifplatform.sty
Package: ifplatform 2017/10/13 v0.4a Testing for the operating system

(/usr/share/texlive/texmf-dist/tex/latex/pdftexcmds/pdftexcmds.sty
Package: pdftexcmds 2019/11/24 v0.31 Utility functions of pdfTeX for LuaTeX (HO
)

(/usr/share/texlive/texmf-dist/tex/generic/infwarerr/infwarerr.sty
Package: infwarerr 2019/12/03 v1.5 Providing info/warning/error messages (HO)
)
(/usr/share/texlive/texmf-dist/tex/generic/iftex/iftex.sty
Package: iftex 2019/11/07 v1.0c TeX engine tests
)
Package pdftexcmds Info: \pdf@primitive is available.
Package pdftexcmds Info: \pdf@ifprimitive is available.
Package pdftexcmds Info: \pdfdraftmode found.
)
(/usr/share/texlive/texmf-dist/tex/generic/catchfile/catchfile.sty
Package: catchfile 2019/12/09 v1.8 Catch the contents of a file (HO)

(/usr/share/texlive/texmf-dist/tex/generic/etexcmds/etexcmds.sty
Package: etexcmds 2019/12/15 v1.7 Avoid name clashes with e-TeX commands (HO)
))
(/usr/share/texlive/texmf-dist/tex/generic/iftex/ifluatex.sty
Package: ifluatex 2019/10/25 v1.5 ifluatex legacy package. Use iftex instead.
)
runsystem(uname -s > "praca.w18")...executed.

 (./praca.w18)
runsystem(rm -- "praca.w18")...executed.

)
(/usr/share/texlive/texmf-dist/tex/generic/xstring/xstring.sty
(/usr/share/texlive/texmf-dist/tex/generic/xstring/xstring.tex
\integerpart=\count282
\decimalpart=\count283
)
Package: xstring 2019/02/06 v1.83 String manipulations (CT)
)
(/usr/share/texlive/texmf-dist/tex/latex/framed/framed.sty
Package: framed 2011/10/22 v 0.96: framed or shaded text with page breaks
\OuterFrameSep=\skip57
\fb@frw=\dimen169
\fb@frh=\dimen170
\FrameRule=\dimen171
\FrameSep=\dimen172
)
(/usr/share/texlive/texmf-dist/tex/latex/float/float.sty
Package: float 2001/11/08 v1.3d Float enhancements (AL)
\c@float@type=\count284
\float@exts=\toks23
\float@box=\box53
\@float@everytoks=\toks24
\@floatcapt=\box54
)
\minted@appexistsfile=\read4
\minted@bgbox=\box55
\minted@code=\write4
\c@minted@FancyVerbLineTemp=\count285
\c@minted@pygmentizecounter=\count286
\@float@every@listing=\toks25
\c@listing=\count287
)
runsystem(mkdir -p _minted-praca)...executed.


(/usr/share/texlive/texmf-dist/tex/latex/xcolor/xcolor.sty
Package: xcolor 2016/05/11 v2.12 LaTeX color extensions (UK)

(/usr/share/texlive/texmf-dist/tex/latex/graphics-cfg/color.cfg
File: color.cfg 2016/01/02 v1.6 sample color configuration
)
Package xcolor Info: Driver file: pdftex.def on input line 225.

(/usr/share/texlive/texmf-dist/tex/latex/graphics-def/pdftex.def
File: pdftex.def 2018/01/08 v1.0l Graphics/color driver for pdftex
)
(/usr/share/texlive/texmf-dist/tex/latex/colortbl/colortbl.sty
Package: colortbl 2020/01/04 v1.0e Color table columns (DPC)

(/usr/share/texlive/texmf-dist/tex/latex/tools/array.sty
Package: array 2019/08/31 v2.4l Tabular extension package (FMi)
\col@sep=\dimen173
\ar@mcellbox=\box56
\extrarowheight=\dimen174
\NC@list=\toks26
\extratabsurround=\skip58
\backup@length=\skip59
\ar@cellbox=\box57
)
\everycr=\toks27
\minrowclearance=\skip60
)
\rownum=\count288
Package xcolor Info: Model `cmy' substituted by `cmy0' on input line 1348.
Package xcolor Info: Model `hsb' substituted by `rgb' on input line 1352.
Package xcolor Info: Model `RGB' extended on input line 1364.
Package xcolor Info: Model `HTML' substituted by `rgb' on input line 1366.
Package xcolor Info: Model `Hsb' substituted by `hsb' on input line 1367.
Package xcolor Info: Model `tHsb' substituted by `hsb' on input line 1368.
Package xcolor Info: Model `HSB' substituted by `hsb' on input line 1369.
Package xcolor Info: Model `Gray' substituted by `gray' on input line 1370.
Package xcolor Info: Model `wave' substituted by `hsb' on input line 1371.
)
(/usr/share/texlive/texmf-dist/tex/latex/tabu/tabu.sty
Package: tabu 2019/01/11 v2.9 - flexible LaTeX tabulars (FC+tabu-fixed) + inter
mediate FMi

(/usr/share/texlive/texmf-dist/tex/latex/varwidth/varwidth.sty
Package: varwidth 2009/03/30 ver 0.92;  Variable-width minipages
\@vwid@box=\box58
\sift@deathcycles=\count289
\@vwid@loff=\dimen175
\@vwid@roff=\dimen176
)
\c@taburow=\count290
\tabu@nbcols=\count291
\tabu@cnt=\count292
\tabu@Xcol=\count293
\tabu@alloc=\count294
\tabu@nested=\count295
\tabu@target=\dimen177
\tabu@spreadtarget=\dimen178
\tabu@naturalX=\dimen179
\tabucolX=\dimen180
\tabu@Xsum=\dimen181
\extrarowdepth=\dimen182
\abovetabulinesep=\dimen183
\belowtabulinesep=\dimen184
\tabustrutrule=\dimen185
\tabu@thebody=\toks28
\tabu@footnotes=\toks29
\tabu@box=\box59
\tabu@arstrutbox=\box60
\tabu@hleads=\box61
\tabu@vleads=\box62
\tabu@cellskip=\skip61
)
(/usr/share/texlive/texmf-dist/tex/latex/algorithm2e/algorithm2e.sty
Package: algorithm2e 2017/07/18 v5.2 algorithms environments
\c@AlgoLine=\count296
\algocf@hangindent=\skip62

(/usr/share/texlive/texmf-dist/tex/latex/ifoddpage/ifoddpage.sty
Package: ifoddpage 2016/04/23 v1.1 Conditionals for odd/even page detection
\c@checkoddpage=\count297
)
(/usr/share/texlive/texmf-dist/tex/latex/tools/xspace.sty
Package: xspace 2014/10/28 v1.13 Space after command names (DPC,MH)
)
(/usr/share/texlive/texmf-dist/tex/latex/relsize/relsize.sty
Package: relsize 2013/03/29 ver 4.1
)
\skiptotal=\skip63
\skiplinenumber=\skip64
\skiprule=\skip65
\skiphlne=\skip66
\skiptext=\skip67
\skiplength=\skip68
\algomargin=\skip69
\skipalgocfslide=\skip70
\algowidth=\dimen186
\inoutsize=\dimen187
\inoutindent=\dimen188
\interspacetitleruled=\dimen189
\interspacealgoruled=\dimen190
\interspacetitleboxruled=\dimen191
\algocf@ruledwidth=\skip71
\algocf@inoutbox=\box63
\algocf@inputbox=\box64
\AlCapSkip=\skip72
\AlCapHSkip=\skip73
\algoskipindent=\skip74
\algocf@nlbox=\box65
\algocf@hangingbox=\box66
\algocf@untilbox=\box67
\algocf@skipuntil=\skip75
\algocf@capbox=\box68
\algocf@lcaptionbox=\skip76
\algoheightruledefault=\skip77
\algoheightrule=\skip78
\algotitleheightruledefault=\skip79
\algotitleheightrule=\skip80
\c@algocfline=\count298
\c@algocfproc=\count299
\c@algocf=\count300
\algocf@algoframe=\box69
\algocf@algobox=\box70
)
(/usr/share/texlive/texmf-dist/tex/latex/listings/listings.sty
\lst@mode=\count301
\lst@gtempboxa=\box71
\lst@token=\toks30
\lst@length=\count302
\lst@currlwidth=\dimen192
\lst@column=\count303
\lst@pos=\count304
\lst@lostspace=\dimen193
\lst@width=\dimen194
\lst@newlines=\count305
\lst@lineno=\count306
\lst@maxwidth=\dimen195

(/usr/share/texlive/texmf-dist/tex/latex/listings/lstmisc.sty
File: lstmisc.sty 2019/09/10 1.8c (Carsten Heinz)
\c@lstnumber=\count307
\lst@skipnumbers=\count308
\lst@framebox=\box72
)
(/usr/share/texlive/texmf-dist/tex/latex/listings/listings.cfg
File: listings.cfg 2019/09/10 1.8c listings configuration
))
Package: listings 2019/09/10 1.8c (Carsten Heinz)

(/usr/share/texlive/texmf-dist/tex/latex/geometry/geometry.sty
Package: geometry 2020/01/02 v5.9 Page Geometry

(/usr/share/texlive/texmf-dist/tex/generic/iftex/ifvtex.sty
Package: ifvtex 2019/10/25 v1.7 ifvtex legacy package. Use iftex instead.
)
\Gm@cnth=\count309
\Gm@cntv=\count310
\c@Gm@tempcnt=\count311
\Gm@bindingoffset=\dimen196
\Gm@wd@mp=\dimen197
\Gm@odd@mp=\dimen198
\Gm@even@mp=\dimen199
\Gm@layoutwidth=\dimen256
\Gm@layoutheight=\dimen257
\Gm@layouthoffset=\dimen258
\Gm@layoutvoffset=\dimen259
\Gm@dimlist=\toks31
)
(/usr/share/texlive/texmf-dist/tex/latex/titling/titling.sty
Package: titling 2009/09/04 v2.1d maketitle typesetting
\thanksmarkwidth=\skip81
\thanksmargin=\skip82
\droptitle=\skip83
)
(/usr/share/texlive/texmf-dist/tex/latex/tocloft/tocloft.sty
Package: tocloft 2017/08/31 v2.3i parameterised ToC, etc., typesetting
Package tocloft Info: The document has chapter divisions on input line 51.
\cftparskip=\skip84
\cftbeforetoctitleskip=\skip85
\cftaftertoctitleskip=\skip86
\cftbeforepartskip=\skip87
\cftpartnumwidth=\skip88
\cftpartindent=\skip89
\cftbeforechapskip=\skip90
\cftchapindent=\skip91
\cftchapnumwidth=\skip92
\cftbeforesecskip=\skip93
\cftsecindent=\skip94
\cftsecnumwidth=\skip95
\cftbeforesubsecskip=\skip96
\cftsubsecindent=\skip97
\cftsubsecnumwidth=\skip98
\cftbeforesubsubsecskip=\skip99
\cftsubsubsecindent=\skip100
\cftsubsubsecnumwidth=\skip101
\cftbeforeparaskip=\skip102
\cftparaindent=\skip103
\cftparanumwidth=\skip104
\cftbeforesubparaskip=\skip105
\cftsubparaindent=\skip106
\cftsubparanumwidth=\skip107
\cftbeforeloftitleskip=\skip108
\cftafterloftitleskip=\skip109
\cftbeforefigskip=\skip110
\cftfigindent=\skip111
\cftfignumwidth=\skip112
\c@lofdepth=\count312
\c@lotdepth=\count313
\cftbeforelottitleskip=\skip113
\cftafterlottitleskip=\skip114
\cftbeforetabskip=\skip115
\cfttabindent=\skip116
\cfttabnumwidth=\skip117
)
(/usr/share/texlive/texmf-dist/tex/latex/fancyhdr/fancyhdr.sty
Package: fancyhdr 2019/01/31 v3.10 Extensive control of page headers and footer
s
\f@nch@headwidth=\skip118
\f@nch@O@elh=\skip119
\f@nch@O@erh=\skip120
\f@nch@O@olh=\skip121
\f@nch@O@orh=\skip122
\f@nch@O@elf=\skip123
\f@nch@O@erf=\skip124
\f@nch@O@olf=\skip125
\f@nch@O@orf=\skip126
)
(/usr/share/texlive/texmf-dist/tex/latex/titlesec/titlesec.sty
Package: titlesec 2019/10/16 v2.13 Sectioning titles
\ttl@box=\box73
\beforetitleunit=\skip127
\aftertitleunit=\skip128
\ttl@plus=\dimen260
\ttl@minus=\dimen261
\ttl@toksa=\toks32
\titlewidth=\dimen262
\titlewidthlast=\dimen263
\titlewidthfirst=\dimen264
)
(/usr/share/texlive/texmf-dist/tex/latex/sectsty/sectsty.sty
Package: sectsty 2002/02/25 v2.0.2 Commands to change all sectional heading sty
les


LaTeX Warning: Command \underbar  has changed.
               Check if current package is valid.


LaTeX Warning: Command \underline  has changed.
               Check if current package is valid.

) (/usr/share/texlive/texmf-dist/tex/latex/hyperref/hyperref.sty
Package: hyperref 2020/01/14 v7.00d Hypertext links for LaTeX

(/usr/share/texlive/texmf-dist/tex/generic/kvdefinekeys/kvdefinekeys.sty
Package: kvdefinekeys 2019-12-19 v1.6 Define keys (HO)
)
(/usr/share/texlive/texmf-dist/tex/generic/pdfescape/pdfescape.sty
Package: pdfescape 2019/12/09 v1.15 Implements pdfTeX's escape features (HO)
)
(/usr/share/texlive/texmf-dist/tex/latex/hycolor/hycolor.sty
Package: hycolor 2020-01-27 v1.10 Color options for hyperref/bookmark (HO)
)
(/usr/share/texlive/texmf-dist/tex/latex/letltxmacro/letltxmacro.sty
Package: letltxmacro 2019/12/03 v1.6 Let assignment for LaTeX macros (HO)
)
(/usr/share/texlive/texmf-dist/tex/latex/auxhook/auxhook.sty
Package: auxhook 2019-12-17 v1.6 Hooks for auxiliary files (HO)
)
\@linkdim=\dimen265
\Hy@linkcounter=\count314
\Hy@pagecounter=\count315

(/usr/share/texlive/texmf-dist/tex/latex/hyperref/pd1enc.def
File: pd1enc.def 2020/01/14 v7.00d Hyperref: PDFDocEncoding definition (HO)
Now handling font encoding PD1 ...
... no UTF-8 mapping file for font encoding PD1
)
(/usr/share/texlive/texmf-dist/tex/generic/intcalc/intcalc.sty
Package: intcalc 2019/12/15 v1.3 Expandable calculations with integers (HO)
)
\Hy@SavedSpaceFactor=\count316
\pdfmajorversion=\count317
Package hyperref Info: Hyper figures OFF on input line 4547.
Package hyperref Info: Link nesting OFF on input line 4552.
Package hyperref Info: Hyper index ON on input line 4555.
Package hyperref Info: Plain pages OFF on input line 4562.
Package hyperref Info: Backreferencing OFF on input line 4567.
Package hyperref Info: Implicit mode ON; LaTeX internals redefined.
Package hyperref Info: Bookmarks ON on input line 4800.
\c@Hy@tempcnt=\count318

(/usr/share/texlive/texmf-dist/tex/latex/url/url.sty
\Urlmuskip=\muskip17
Package: url 2013/09/16  ver 3.4  Verb mode for urls, etc.
)
LaTeX Info: Redefining \url on input line 5159.
\XeTeXLinkMargin=\dimen266

(/usr/share/texlive/texmf-dist/tex/generic/bitset/bitset.sty
Package: bitset 2019/12/09 v1.3 Handle bit-vector datatype (HO)

(/usr/share/texlive/texmf-dist/tex/generic/bigintcalc/bigintcalc.sty
Package: bigintcalc 2019/12/15 v1.5 Expandable calculations on big integers (HO
)
))
\Fld@menulength=\count319
\Field@Width=\dimen267
\Fld@charsize=\dimen268
Package hyperref Info: Hyper figures OFF on input line 6430.
Package hyperref Info: Link nesting OFF on input line 6435.
Package hyperref Info: Hyper index ON on input line 6438.
Package hyperref Info: backreferencing OFF on input line 6445.
Package hyperref Info: Link coloring OFF on input line 6450.
Package hyperref Info: Link coloring with OCG OFF on input line 6455.
Package hyperref Info: PDF/A mode OFF on input line 6460.
LaTeX Info: Redefining \ref on input line 6500.
LaTeX Info: Redefining \pageref on input line 6504.

(/usr/share/texlive/texmf-dist/tex/generic/atbegshi/atbegshi.sty
Package: atbegshi 2019/12/05 v1.19 At begin shipout hook (HO)
)
\Hy@abspage=\count320
\c@Item=\count321
\c@Hfootnote=\count322
)
Package hyperref Info: Driver (autodetected): hpdftex.

(/usr/share/texlive/texmf-dist/tex/latex/hyperref/hpdftex.def
File: hpdftex.def 2020/01/14 v7.00d Hyperref driver for pdfTeX

(/usr/share/texlive/texmf-dist/tex/latex/atveryend/atveryend.sty
Package: atveryend 2019-12-11 v1.11 Hooks at the very end of document (HO)
)
\Fld@listcount=\count323
\c@bookmark@seq@number=\count324

(/usr/share/texlive/texmf-dist/tex/latex/rerunfilecheck/rerunfilecheck.sty
Package: rerunfilecheck 2019/12/05 v1.9 Rerun checks for auxiliary files (HO)

(/usr/share/texlive/texmf-dist/tex/generic/uniquecounter/uniquecounter.sty
Package: uniquecounter 2019/12/15 v1.4 Provide unlimited unique counter (HO)
)
Package uniquecounter Info: New unique counter `rerunfilecheck' on input line 2
86.
)
\Hy@SectionHShift=\skip129
)
Package hyperref Info: Option `colorlinks' set `true' on input line 469.

(/usr/share/texlive/texmf-dist/tex/latex/enumitem/enumitem.sty
Package: enumitem 2019/06/20 v3.9 Customized lists
\labelindent=\skip130
\enit@outerparindent=\dimen269
\enit@toks=\toks33
\enit@inbox=\box74
\enit@count@id=\count325
\enitdp@description=\count326
)
\enitdp@myitemize=\count327

(/usr/share/texlive/texmf-dist/tex/latex/graphics/graphicx.sty
Package: graphicx 2019/11/30 v1.2a Enhanced LaTeX Graphics (DPC,SPQR)

(/usr/share/texlive/texmf-dist/tex/latex/graphics/graphics.sty
Package: graphics 2019/11/30 v1.4a Standard LaTeX Graphics (DPC,SPQR)

(/usr/share/texlive/texmf-dist/tex/latex/graphics/trig.sty
Package: trig 2016/01/03 v1.10 sin cos tan (DPC)
)
(/usr/share/texlive/texmf-dist/tex/latex/graphics-cfg/graphics.cfg
File: graphics.cfg 2016/06/04 v1.11 sample graphics configuration
)
Package graphics Info: Driver file: pdftex.def on input line 105.
)
\Gin@req@height=\dimen270
\Gin@req@width=\dimen271
)
(/usr/share/texlive/texmf-dist/tex/latex/caption/caption.sty
Package: caption 2020/01/03 v3.4h Customizing captions (AR)

(/usr/share/texlive/texmf-dist/tex/latex/caption/caption3.sty
Package: caption3 2020/01/03 v1.8h caption3 kernel (AR)
Package caption3 Info: TeX engine: e-TeX on input line 61.
\captionmargin=\dimen272
\captionmargin@=\dimen273
\captionwidth=\dimen274
\caption@tempdima=\dimen275
\caption@indent=\dimen276
\caption@parindent=\dimen277
\caption@hangindent=\dimen278
Package caption Info: Standard document class detected.
)
\c@caption@flags=\count328
\c@continuedfloat=\count329
Package caption Info: float package is loaded.
Package caption Info: hyperref package is loaded.
Package caption Info: listings package is loaded.
)
(/usr/share/texlive/texmf-dist/tex/latex/caption/subcaption.sty
Package: subcaption 2020/01/22 v1.3d Sub-captions (AR)
\c@subfigure=\count330
\c@subtable=\count331
)
(/usr/share/texlive/texmf-dist/tex/latex/mdwtools/footnote.sty
Package: footnote 1997/01/28 1.13 Save footnotes around boxes
\fn@notes=\box75
\fn@width=\dimen279
)
(/usr/share/texlive/texmf-dist/tex/generic/dirtree/dirtree.sty
Package: dirtree 2012/12/11 v0.32 package wrapper for dirtree

(/usr/share/texlive/texmf-dist/tex/generic/dirtree/dirtree.tex
`dirtree' v0.32, 2012/12/11 (jcc)
\DT@offset=\dimen280
\DT@width=\dimen281
\DT@sep=\dimen282
\DT@all=\dimen283
\DT@rulewidth=\dimen284
\DT@dotwidth=\dimen285
\DTbaselineskip=\dimen286
\DT@counti=\count332
\DT@countii=\count333
\DT@countiii=\count334
\DT@countiv=\count335
\DT@indent=\dimen287
\DT@parskip=\dimen288
\DT@baselineskip=\dimen289
)
File: dirtree.tex 2012/12/11 v0.32 `dirtree' (jcc)
)
(/usr/share/texlive/texmf-dist/tex/latex/multirow/multirow.sty
Package: multirow 2019/05/31 v2.5 Span multiple rows of a table
\multirow@colwidth=\skip131
\multirow@cntb=\count336
\multirow@dima=\skip132
\bigstrutjot=\dimen290
)
\c@theorem=\count337
\c@lemma=\count338
\c@example=\count339
\c@corollary=\count340
\c@definition=\count341
runsystem(which pygmentize && touch praca.aex)...executed.

runsystem(rm praca.aex)...executed.


(/usr/share/texlive/texmf-dist/tex/latex/l3backend/l3backend-pdfmode.def
File: l3backend-pdfmode.def 2020-02-03 L3 backend support: PDF mode
\l__kernel_color_stack_int=\count342
\l__pdf_internal_box=\box76
)
(./praca.aux

LaTeX Warning: Label `PrzykladAkcje' multiply defined.


LaTeX Warning: Label `Warstwa' multiply defined.


LaTeX Warning: Label `PrzykladRownolegle' multiply defined.


LaTeX Warning: Label `Warstwa' multiply defined.


LaTeX Warning: Label `PrzykladPlanW1' multiply defined.


LaTeX Warning: Label `PrzykladPlanW1' multiply defined.


LaTeX Warning: Label `PrzykladPlanW1' multiply defined.


LaTeX Warning: Label `Krotka' multiply defined.


LaTeX Warning: Label `ConstraintProblem' multiply defined.


LaTeX Warning: Label `Predykat' multiply defined.


LaTeX Warning: Label `CargoObrazek' multiply defined.


LaTeX Warning: Label `CargoObrazek' multiply defined.


LaTeX Warning: Label `CargoObrazek' multiply defined.

)
\openout1 = `praca.aux'.

LaTeX Font Info:    Checking defaults for OML/cmm/m/it on input line 618.
LaTeX Font Info:    ... okay on input line 618.
LaTeX Font Info:    Checking defaults for OMS/cmsy/m/n on input line 618.
LaTeX Font Info:    ... okay on input line 618.
LaTeX Font Info:    Checking defaults for OT1/cmr/m/n on input line 618.
LaTeX Font Info:    ... okay on input line 618.
LaTeX Font Info:    Checking defaults for T1/cmr/m/n on input line 618.
LaTeX Font Info:    ... okay on input line 618.
LaTeX Font Info:    Checking defaults for TS1/cmr/m/n on input line 618.
LaTeX Font Info:    ... okay on input line 618.
LaTeX Font Info:    Checking defaults for OMX/cmex/m/n on input line 618.
LaTeX Font Info:    ... okay on input line 618.
LaTeX Font Info:    Checking defaults for U/cmr/m/n on input line 618.
LaTeX Font Info:    ... okay on input line 618.
LaTeX Font Info:    Checking defaults for OT4/cmr/m/n on input line 618.
LaTeX Font Info:    ... okay on input line 618.
LaTeX Font Info:    Checking defaults for PD1/pdf/m/n on input line 618.
LaTeX Font Info:    ... okay on input line 618.
LaTeX Font Info:    Trying to load font information for OT4+lmr on input line 6
18.
 (/usr/share/texmf/tex/latex/lm/ot4lmr.fd
File: ot4lmr.fd 2009/10/30 v1.6 Font defs for Latin Modern
)
(/usr/share/texlive/texmf-dist/tex/context/base/mkii/supp-pdf.mkii
[Loading MPS to PDF converter (version 2006.09.02).]
\scratchcounter=\count343
\scratchdimen=\dimen291
\scratchbox=\box77
\nofMPsegments=\count344
\nofMParguments=\count345
\everyMPshowfont=\toks34
\MPscratchCnt=\count346
\MPscratchDim=\dimen292
\MPnumerator=\count347
\makeMPintoPDFobject=\count348
\everyMPtoPDFconversion=\toks35
) (/usr/share/texlive/texmf-dist/tex/latex/epstopdf-pkg/epstopdf-base.sty
Package: epstopdf-base 2020-01-24 v2.11 Base part for package epstopdf
Package epstopdf-base Info: Redefining graphics rule for `.eps' on input line 4
85.

(/usr/share/texlive/texmf-dist/tex/latex/latexconfig/epstopdf-sys.cfg
File: epstopdf-sys.cfg 2010/07/13 v1.3 Configuration of (r)epstopdf for TeX Liv
e
))
\c@lstlisting=\count349

*geometry* driver: auto-detecting
*geometry* detected driver: pdftex
*geometry* verbose mode - [ preamble ] result:
* driver: pdftex
* paper: <default>
* layout: <same size as paper>
* layoutoffset:(h,v)=(0.0pt,0.0pt)
* modes: twoside 
* h-part:(L,W,R)=(71.13188pt, 472.03123pt, 71.13188pt)
* v-part:(T,H,B)=(71.13188pt, 652.70622pt, 71.13188pt)
* \paperwidth=614.295pt
* \paperheight=794.96999pt
* \textwidth=472.03123pt
* \textheight=652.70622pt
* \oddsidemargin=-1.1381pt
* \evensidemargin=-1.1381pt
* \topmargin=-37.2056pt
* \headheight=18.0pt
* \headsep=18.06749pt
* \topskip=10.0pt
* \footskip=25.29494pt
* \marginparwidth=125.0pt
* \marginparsep=7.0pt
* \columnsep=10.0pt
* \skip\footins=9.0pt plus 4.0pt minus 2.0pt
* \hoffset=0.0pt
* \voffset=0.0pt
* \mag=1000
* \@twocolumnfalse
* \@twosidetrue
* \@mparswitchtrue
* \@reversemarginfalse
* (1in=72.27pt=25.4mm, 1cm=28.453pt)

\AtBeginShipoutBox=\box78
Package hyperref Info: Link coloring ON on input line 618.
(/usr/share/texlive/texmf-dist/tex/latex/hyperref/nameref.sty
Package: nameref 2019/09/16 v2.46 Cross-referencing by name of section

(/usr/share/texlive/texmf-dist/tex/latex/refcount/refcount.sty
Package: refcount 2019/12/15 v3.6 Data extraction from label references (HO)
)
(/usr/share/texlive/texmf-dist/tex/generic/gettitlestring/gettitlestring.sty
Package: gettitlestring 2019/12/15 v1.6 Cleanup title references (HO)
)
\c@section@level=\count350
)
LaTeX Info: Redefining \ref on input line 618.
LaTeX Info: Redefining \pageref on input line 618.
LaTeX Info: Redefining \nameref on input line 618.

(./praca.out) (./praca.out)
\@outlinefile=\write5
\openout5 = `praca.out'.

Package caption Info: Begin \AtBeginDocument code.
Package caption Info: End \AtBeginDocument code.
LaTeX Font Info:    Trying to load font information for OML+plm on input line 6
36.

(/usr/share/texlive/texmf-dist/tex/latex/polski/omlplm.fd
File: omlplm.fd 2008/02/24 v1.2.1 Font defs for fonts PL (MW)
)
LaTeX Font Info:    Trying to load font information for OMS+plsy on input line 
636.

(/usr/share/texlive/texmf-dist/tex/latex/polski/omsplsy.fd
File: omsplsy.fd 2008/02/24 v1.2.1 Font defs for fonts PL (MW)
)
LaTeX Font Info:    Trying to load font information for OMX+plex on input line 
636.

(/usr/share/texlive/texmf-dist/tex/latex/polski/omxplex.fd
File: omxplex.fd 2008/02/24 v1.2.1 Font defs for fonts PL (MW)
)
LaTeX Font Info:    External font `plex10' loaded for size
(Font)              <10> on input line 636.
LaTeX Font Info:    External font `plex10' loaded for size
(Font)              <7> on input line 636.
LaTeX Font Info:    External font `plex10' loaded for size
(Font)              <5> on input line 636.
LaTeX Font Info:    Trying to load font information for U+msa on input line 636
.

(/usr/share/texlive/texmf-dist/tex/latex/amsfonts/umsa.fd
File: umsa.fd 2013/01/14 v3.01 AMS symbols A
)
LaTeX Font Info:    Trying to load font information for U+msb on input line 636
.

(/usr/share/texlive/texmf-dist/tex/latex/amsfonts/umsb.fd
File: umsb.fd 2013/01/14 v3.01 AMS symbols B
)
LaTeX Font Info:    Trying to load font information for U+rsfs on input line 63
6.

(/usr/share/texlive/texmf-dist/tex/latex/jknapltx/ursfs.fd
File: ursfs.fd 1998/03/24 rsfs font definition file (jk)
) [1


{/var/lib/texmf/fonts/map/pdftex/updmap/pdftex.map}] [2

] (./streszczenie.tex) (./abstract.tex)
[3] [4

] (./praca.toc [1])
\tf@toc=\write6
\openout6 = `praca.toc'.

 [2] (./praca.lof
Underfull \vbox (badness 1675) has occurred while \output is active []

 [3

])
\tf@lof=\write7
\openout7 = `praca.lof'.

<wit-logo.png, id=566, 225.84375pt x 225.84375pt>
File: wit-logo.png Graphic file (type png)
<use wit-logo.png>
Package pdftex.def Info: wit-logo.png  used on input line 694.
(pdftex.def)             Requested size: 23.603pt x 23.60228pt.

[4 <./wit-logo.png>] (./praca.lot)
\tf@lot=\write8
\openout8 = `praca.lot'.

 [5

]
File: wit-logo.png Graphic file (type png)
<use wit-logo.png>
Package pdftex.def Info: wit-logo.png  used on input line 700.
(pdftex.def)             Requested size: 23.603pt x 23.60228pt.
 [6

] (./praca.lol)
\tf@lol=\write9
\openout9 = `praca.lol'.

 [7]
File: wit-logo.png Graphic file (type png)
<use wit-logo.png>
Package pdftex.def Info: wit-logo.png  used on input line 705.
(pdftex.def)             Requested size: 23.603pt x 23.60228pt.
 [8

] (./wstep.tex
Underfull \hbox (badness 10000) in paragraph at lines 8--13

 []


Underfull \hbox (badness 10000) in paragraph at lines 14--17

 []


Underfull \hbox (badness 10000) in paragraph at lines 18--23

 []


Underfull \hbox (badness 10000) in paragraph at lines 24--28

 []


Underfull \hbox (badness 10000) in paragraph at lines 29--33

 []


Underfull \hbox (badness 10000) in paragraph at lines 34--38

 []


Underfull \hbox (badness 10000) in paragraph at lines 39--44

 []

) [1


]
File: wit-logo.png Graphic file (type png)
<use wit-logo.png>
Package pdftex.def Info: wit-logo.png  used on input line 720.
(pdftex.def)             Requested size: 23.603pt x 23.60228pt.
 [2

] (./rozdzial1.tex
Rozdzia\l  1.
LaTeX Font Info:    Trying to load font information for TS1+lmr on input line 1
6.
(/usr/share/texmf/tex/latex/lm/ts1lmr.fd
File: ts1lmr.fd 2009/10/30 v1.6 Font defs for Latin Modern
) [3

]
<./pictures/Przyklad1.png, id=737, 661.72218pt x 97.11281pt>
File: ./pictures/Przyklad1.png Graphic file (type png)
<use ./pictures/Przyklad1.png>
Package pdftex.def Info: ./pictures/Przyklad1.png  used on input line 62.
(pdftex.def)             Requested size: 330.86028pt x 48.55627pt.
<./pictures/Przyklad2.png, id=741, 366.61969pt x 331.2375pt>
File: ./pictures/Przyklad2.png Graphic file (type png)
<use ./pictures/Przyklad2.png>
Package pdftex.def Info: ./pictures/Przyklad2.png  used on input line 93.
(pdftex.def)             Requested size: 183.30939pt x 165.61833pt.

Underfull \vbox (badness 10000) has occurred while \output is active []

File: wit-logo.png Graphic file (type png)
<use wit-logo.png>
Package pdftex.def Info: wit-logo.png  used on input line 99.
(pdftex.def)             Requested size: 23.603pt x 23.60228pt.
 [4 <./pictures/Przyklad1.png>]
<pwr-logo.png, id=756, 217.81375pt x 216.81pt>
File: pwr-logo.png Graphic file (type png)
<use pwr-logo.png>
Package pdftex.def Info: pwr-logo.png  used on input line 136.
(pdftex.def)             Requested size: 23.603pt x 23.49188pt.
 [5 <./pwr-logo.png> <./pictures/Przyklad2.png>]
File: wit-logo.png Graphic file (type png)
<use wit-logo.png>
Package pdftex.def Info: wit-logo.png  used on input line 190.
(pdftex.def)             Requested size: 23.603pt x 23.60228pt.
 [6])
File: pwr-logo.png Graphic file (type png)
<use pwr-logo.png>
Package pdftex.def Info: pwr-logo.png  used on input line 723.
(pdftex.def)             Requested size: 23.603pt x 23.49188pt.

[7]
File: wit-logo.png Graphic file (type png)
<use wit-logo.png>
Package pdftex.def Info: wit-logo.png  used on input line 723.
(pdftex.def)             Requested size: 23.603pt x 23.60228pt.
 [8

] (./rozdzial2.tex
Rozdzia\l  2.
<./pictures/PlanningGraph.png, id=781, 663.98062pt x 246.1697pt>
File: ./pictures/PlanningGraph.png Graphic file (type png)
<use ./pictures/PlanningGraph.png>
Package pdftex.def Info: ./pictures/PlanningGraph.png  used on input line 9.
(pdftex.def)             Requested size: 331.98949pt x 123.08453pt.
[9

 <./pictures/PlanningGraph.png>]
<./pictures/PrzykladSP.png, id=791, 344.03531pt x 229.60782pt>
File: ./pictures/PrzykladSP.png Graphic file (type png)
<use ./pictures/PrzykladSP.png>
Package pdftex.def Info: ./pictures/PrzykladSP.png  used on input line 44.
(pdftex.def)             Requested size: 172.01723pt x 114.80362pt.
File: wit-logo.png Graphic file (type png)
<use wit-logo.png>
Package pdftex.def Info: wit-logo.png  used on input line 85.
(pdftex.def)             Requested size: 23.603pt x 23.60228pt.
 [10 <./pictures/PrzykladSP.png>]
<./pictures/PrzykladRuch.png, id=806, 344.03531pt x 229.60782pt>
File: ./pictures/PrzykladRuch.png Graphic file (type png)
<use ./pictures/PrzykladRuch.png>
Package pdftex.def Info: ./pictures/PrzykladRuch.png  used on input line 90.
(pdftex.def)             Requested size: 172.01723pt x 114.80362pt.
File: pwr-logo.png Graphic file (type png)
<use pwr-logo.png>
Package pdftex.def Info: pwr-logo.png  used on input line 135.
(pdftex.def)             Requested size: 23.603pt x 23.49188pt.
 [11 <./pictures/PrzykladRuch.png>]
<./pictures/PrzykladAkcje.png, id=822, 539.01375pt x 320.69812pt>
File: ./pictures/PrzykladAkcje.png Graphic file (type png)
<use ./pictures/PrzykladAkcje.png>
Package pdftex.def Info: ./pictures/PrzykladAkcje.png  used on input line 148.
(pdftex.def)             Requested size: 269.50621pt x 160.34866pt.
<./pictures/PrzykladSasiad.png, id=825, 344.03531pt x 229.60782pt>
File: ./pictures/PrzykladSasiad.png Graphic file (type png)
<use ./pictures/PrzykladSasiad.png>
Package pdftex.def Info: ./pictures/PrzykladSasiad.png  used on input line 177.

(pdftex.def)             Requested size: 172.01723pt x 114.80362pt.
File: wit-logo.png Graphic file (type png)
<use wit-logo.png>
Package pdftex.def Info: wit-logo.png  used on input line 183.
(pdftex.def)             Requested size: 23.603pt x 23.60228pt.
 [12 <./pictures/PrzykladAkcje.png>]
<./pictures/PlanningGraphStates.png, id=833, 551.81157pt x 377.91188pt>
File: ./pictures/PlanningGraphStates.png Graphic file (type png)
<use ./pictures/PlanningGraphStates.png>
Package pdftex.def Info: ./pictures/PlanningGraphStates.png  used on input line
 204.
(pdftex.def)             Requested size: 275.9051pt x 188.95547pt.
File: pwr-logo.png Graphic file (type png)
<use pwr-logo.png>
Package pdftex.def Info: pwr-logo.png  used on input line 212.
(pdftex.def)             Requested size: 23.603pt x 23.49188pt.
 [13 <./pictures/PrzykladSasiad.png> <./pictures/PlanningGraphStates.png>]
<./pictures/PlanningGraphLevels.png, id=840, 887.56593pt x 408.02437pt>
File: ./pictures/PlanningGraphLevels.png Graphic file (type png)
<use ./pictures/PlanningGraphLevels.png>
Package pdftex.def Info: ./pictures/PlanningGraphLevels.png  used on input line
 219.
(pdftex.def)             Requested size: 443.78188pt x 204.01169pt.
<./pictures/PrzykladRownolegle.png, id=842, 346.29375pt x 255.20343pt>
File: ./pictures/PrzykladRownolegle.png Graphic file (type png)
<use ./pictures/PrzykladRownolegle.png>
Package pdftex.def Info: ./pictures/PrzykladRownolegle.png  used on input line 
241.
(pdftex.def)             Requested size: 173.14644pt x 127.6014pt.

Underfull \vbox (badness 7832) has occurred while \output is active []

File: wit-logo.png Graphic file (type png)
<use wit-logo.png>
Package pdftex.def Info: wit-logo.png  used on input line 247.
(pdftex.def)             Requested size: 23.603pt x 23.60228pt.
 [14 <./pictures/PlanningGraphLevels.png>]
<./pictures/PrzykladRownolegleZle.png, id=850, 411.03563pt x 415.5525pt>
File: ./pictures/PrzykladRownolegleZle.png Graphic file (type png)
<use ./pictures/PrzykladRownolegleZle.png>
Package pdftex.def Info: ./pictures/PrzykladRownolegleZle.png  used on input li
ne 270.
(pdftex.def)             Requested size: 205.5173pt x 207.77574pt.

Underfull \vbox (badness 10000) has occurred while \output is active []

File: pwr-logo.png Graphic file (type png)
<use pwr-logo.png>
Package pdftex.def Info: pwr-logo.png  used on input line 278.
(pdftex.def)             Requested size: 23.603pt x 23.49188pt.
 [15 <./pictures/PrzykladRownolegle.png>]
<./pictures/PrzykladWykluczenie3.png, id=858, 352.31625pt x 310.91156pt>
File: ./pictures/PrzykladWykluczenie3.png Graphic file (type png)
<use ./pictures/PrzykladWykluczenie3.png>
Package pdftex.def Info: ./pictures/PrzykladWykluczenie3.png  used on input lin
e 307.
(pdftex.def)             Requested size: 176.15768pt x 155.45538pt.

Underfull \vbox (badness 1087) has occurred while \output is active []

File: wit-logo.png Graphic file (type png)
<use wit-logo.png>
Package pdftex.def Info: wit-logo.png  used on input line 314.
(pdftex.def)             Requested size: 23.603pt x 23.60228pt.
 [16 <./pictures/PrzykladRownolegleZle.png>]
<./pictures/PrzykladWykluczenie2.png, id=869, 224.33812pt x 117.43875pt>
File: ./pictures/PrzykladWykluczenie2.png Graphic file (type png)
<use ./pictures/PrzykladWykluczenie2.png>
Package pdftex.def Info: ./pictures/PrzykladWykluczenie2.png  used on input lin
e 336.
(pdftex.def)             Requested size: 112.16878pt x 58.71922pt.
File: pwr-logo.png Graphic file (type png)
<use pwr-logo.png>
Package pdftex.def Info: pwr-logo.png  used on input line 358.
(pdftex.def)             Requested size: 23.603pt x 23.49188pt.
 [17 <./pictures/PrzykladWykluczenie3.png> <./pictures/PrzykladWykluczenie2.png
>]
<./pictures/PrzykladWykluczenie1.png, id=884, 344.03531pt x 117.43875pt>
File: ./pictures/PrzykladWykluczenie1.png Graphic file (type png)
<use ./pictures/PrzykladWykluczenie1.png>
Package pdftex.def Info: ./pictures/PrzykladWykluczenie1.png  used on input lin
e 360.
(pdftex.def)             Requested size: 172.01723pt x 58.71922pt.
File: wit-logo.png Graphic file (type png)
<use wit-logo.png>
Package pdftex.def Info: wit-logo.png  used on input line 407.
(pdftex.def)             Requested size: 23.603pt x 23.60228pt.
 [18 <./pictures/PrzykladWykluczenie1.png>]
<./pictures/PrzykladPlan1.png, id=895, 340.27126pt x 114.4275pt>
File: ./pictures/PrzykladPlan1.png Graphic file (type png)
<use ./pictures/PrzykladPlan1.png>
Package pdftex.def Info: ./pictures/PrzykladPlan1.png  used on input line 417.
(pdftex.def)             Requested size: 170.13521pt x 57.21361pt.
<./pictures/PrzykladPlanStateLevel1.png, id=897, 116.68594pt x 184.43906pt>
File: ./pictures/PrzykladPlanStateLevel1.png Graphic file (type png)
<use ./pictures/PrzykladPlanStateLevel1.png>
Package pdftex.def Info: ./pictures/PrzykladPlanStateLevel1.png  used on input 
line 427.
(pdftex.def)             Requested size: 58.34282pt x 92.2193pt.
<./pictures/PrzykladPlanActionLevel1.png, id=900, 149.05687pt x 235.63031pt>
File: ./pictures/PrzykladPlanActionLevel1.png Graphic file (type png)
<use ./pictures/PrzykladPlanActionLevel1.png>
Package pdftex.def Info: ./pictures/PrzykladPlanActionLevel1.png  used on input
 line 443.
(pdftex.def)             Requested size: 74.52824pt x 117.81487pt.

Underfull \vbox (badness 3826) has occurred while \output is active []

File: pwr-logo.png Graphic file (type png)
<use pwr-logo.png>
Package pdftex.def Info: pwr-logo.png  used on input line 448.
(pdftex.def)             Requested size: 23.603pt x 23.49188pt.
 [19 <./pictures/PrzykladPlan1.png> <./pictures/PrzykladPlanStateLevel1.png>]
<./pictures/PrzykladPlanWarstwa1.png, id=911, 653.44125pt x 402.75468pt>
File: ./pictures/PrzykladPlanWarstwa1.png Graphic file (type png)
<use ./pictures/PrzykladPlanWarstwa1.png>
Package pdftex.def Info: ./pictures/PrzykladPlanWarstwa1.png  used on input lin
e 453.
(pdftex.def)             Requested size: 326.71982pt x 201.37685pt.
<./pictures/FULL_GRAPHPLAN.DEMO1.gv.png, id=912, 1635.10875pt x 855.195pt>
File: ./pictures/FULL_GRAPHPLAN.DEMO1.gv.png Graphic file (type png)
<use ./pictures/FULL_GRAPHPLAN.DEMO1.gv.png>
Package pdftex.def Info: ./pictures/FULL_GRAPHPLAN.DEMO1.gv.png  used on input 
line 464.
(pdftex.def)             Requested size: 408.77618pt x 213.79823pt.

Underfull \vbox (badness 10000) has occurred while \output is active []

File: wit-logo.png Graphic file (type png)
<use wit-logo.png>
Package pdftex.def Info: wit-logo.png  used on input line 469.
(pdftex.def)             Requested size: 23.603pt x 23.60228pt.
 [20 <./pictures/PrzykladPlanActionLevel1.png> <./pictures/PrzykladPlanWarstwa1
.png>]
<./pictures/FULL_GRAPHPLAN_DEMO2.gv.png, id=920, 1635.10875pt x 855.195pt>
File: ./pictures/FULL_GRAPHPLAN_DEMO2.gv.png Graphic file (type png)
<use ./pictures/FULL_GRAPHPLAN_DEMO2.gv.png>
Package pdftex.def Info: ./pictures/FULL_GRAPHPLAN_DEMO2.gv.png  used on input 
line 479.
(pdftex.def)             Requested size: 408.77618pt x 213.79823pt.
File: pwr-logo.png Graphic file (type png)
<use pwr-logo.png>
Package pdftex.def Info: pwr-logo.png  used on input line 489.
(pdftex.def)             Requested size: 23.603pt x 23.49188pt.

[21 <./pictures/FULL_GRAPHPLAN.DEMO1.gv.png> <./pictures/FULL_GRAPHPLAN_DEMO2.g
v.png>]
LaTeX Font Info:    Trying to load font information for U+bbold on input line 5
33.
 (/usr/share/texlive/texmf-dist/tex/latex/bbold/Ubbold.fd)
File: wit-logo.png Graphic file (type png)
<use wit-logo.png>
Package pdftex.def Info: wit-logo.png  used on input line 556.
(pdftex.def)             Requested size: 23.603pt x 23.60228pt.
 [22]
<./pictures/PrzykladNieosiagalny.png, id=942, 575.90157pt x 112.92188pt>
File: ./pictures/PrzykladNieosiagalny.png Graphic file (type png)
<use ./pictures/PrzykladNieosiagalny.png>
Package pdftex.def Info: ./pictures/PrzykladNieosiagalny.png  used on input lin
e 574.
(pdftex.def)             Requested size: 287.95007pt x 56.46078pt.
File: pwr-logo.png Graphic file (type png)
<use pwr-logo.png>
Package pdftex.def Info: pwr-logo.png  used on input line 606.
(pdftex.def)             Requested size: 23.603pt x 23.49188pt.
 [23 <./pictures/PrzykladNieosiagalny.png>])
File: wit-logo.png Graphic file (type png)
<use wit-logo.png>
Package pdftex.def Info: wit-logo.png  used on input line 726.
(pdftex.def)             Requested size: 23.603pt x 23.60228pt.
 [24] (./rozdzial3.tex
Rozdzia\l  3.
[25


]
File: wit-logo.png Graphic file (type png)
<use wit-logo.png>
Package pdftex.def Info: wit-logo.png  used on input line 120.
(pdftex.def)             Requested size: 23.603pt x 23.60228pt.
 [26]
File: pwr-logo.png Graphic file (type png)
<use pwr-logo.png>
Package pdftex.def Info: pwr-logo.png  used on input line 168.
(pdftex.def)             Requested size: 23.603pt x 23.49188pt.
 [27]
\openout3 = `praca.pyg'.

 (./_minted-praca/default-pyg-prefix.pygstyle)
(./_minted-praca/default.pygstyle)
(./_minted-praca/B178B89D2642DF3B0AC3910EB33B063590C80D1D842C64AB6C466D513F96AA
4A.pygtex
LaTeX Font Info:    Trying to load font information for OT4+lmtt on input line 
1.
 (/usr/share/texmf/tex/latex/lm/ot4lmtt.fd
File: ot4lmtt.fd 2009/10/30 v1.6 Font defs for Latin Modern
))
Package hyperref Info: bookmark level for unknown listing defaults to 0 on inpu
t line 218.
File: wit-logo.png Graphic file (type png)
<use wit-logo.png>
Package pdftex.def Info: wit-logo.png  used on input line 226.
(pdftex.def)             Requested size: 23.603pt x 23.60228pt.
 [28]
File: pwr-logo.png Graphic file (type png)
<use pwr-logo.png>
Package pdftex.def Info: pwr-logo.png  used on input line 275.
(pdftex.def)             Requested size: 23.603pt x 23.49188pt.
 [29]
<./pictures/constraint_example.png, id=1011, 129.48375pt x 102.3825pt>
File: ./pictures/constraint_example.png Graphic file (type png)
<use ./pictures/constraint_example.png>
Package pdftex.def Info: ./pictures/constraint_example.png  used on input line 
282.
(pdftex.def)             Requested size: 64.7417pt x 51.19112pt.
\openout3 = `praca.pyg'.


(./_minted-praca/FAD271E4F8BDEF6D14F51CA8D45F2C4790C80D1D842C64AB6C466D513F96AA
4A.pygtex)
\openout3 = `praca.pyg'.


(./_minted-praca/C5A23333A44D063B3F7AFF6DE6A2D95D90C80D1D842C64AB6C466D513F96AA
4A.pygtex)
Underfull \vbox (badness 1902) has occurred while \output is active []

File: wit-logo.png Graphic file (type png)
<use wit-logo.png>
Package pdftex.def Info: wit-logo.png  used on input line 332.
(pdftex.def)             Requested size: 23.603pt x 23.60228pt.
 [30 <./pictures/constraint_example.png>]
<./pictures/constraint_example_solved.png, id=1017, 129.48375pt x 102.3825pt>
File: ./pictures/constraint_example_solved.png Graphic file (type png)
<use ./pictures/constraint_example_solved.png>
Package pdftex.def Info: ./pictures/constraint_example_solved.png  used on inpu
t line 336.
(pdftex.def)             Requested size: 64.7417pt x 51.19112pt.

Overfull \hbox (0.8017pt too wide) in paragraph at lines 359--362
[]\OT4/lmr/m/n/10 Podczas opi-sy-wa-nia me-cha-ni-zmw sto-j-cych za pro-gra-m
o-wa-niem ogra-ni-cze cz-sto wy-ko-rzy-sty-wan struk-
 []


LaTeX Warning: Command \l invalid in math mode on input line 364.

Missing character: There is no  in font plmi10!
File: pwr-logo.png Graphic file (type png)
<use pwr-logo.png>
Package pdftex.def Info: pwr-logo.png  used on input line 378.
(pdftex.def)             Requested size: 23.603pt x 23.49188pt.
[31 <./pictures/constraint_example_solved.png>])
File: wit-logo.png Graphic file (type png)
<use wit-logo.png>
Package pdftex.def Info: wit-logo.png  used on input line 729.
(pdftex.def)             Requested size: 23.603pt x 23.60228pt.
 [32] (./rozdzial4.tex
Rozdzia\l  4.
<./pictures/zaleznosci.png, id=1037, 349.305pt x 182.18062pt>
File: ./pictures/zaleznosci.png Graphic file (type png)
<use ./pictures/zaleznosci.png>
Package pdftex.def Info: ./pictures/zaleznosci.png  used on input line 20.
(pdftex.def)             Requested size: 174.65207pt x 91.09007pt.
<./pictures/GRAPHPLAN_petla_glowna.png, id=1038, 395.22656pt x 470.50781pt>
File: ./pictures/GRAPHPLAN_petla_glowna.png Graphic file (type png)
<use ./pictures/GRAPHPLAN_petla_glowna.png>
Package pdftex.def Info: ./pictures/GRAPHPLAN_petla_glowna.png  used on input l
ine 37.
(pdftex.def)             Requested size: 296.41919pt x 352.87999pt.
[33


 <./pictures/zaleznosci.png>]

LaTeX Warning: Command \k invalid in math mode on input line 71.

Missing character: There is no  in font plmi10!
File: wit-logo.png Graphic file (type png)
<use wit-logo.png>
Package pdftex.def Info: wit-logo.png  used on input line 73.
(pdftex.def)             Requested size: 23.603pt x 23.60228pt.
[34 <./pictures/GRAPHPLAN_petla_glowna.png>]
\openout3 = `praca.pyg'.


(./_minted-praca/B983E39555D044D34E181CAF03160B2490C80D1D842C64AB6C466D513F96AA
4A.pygtex
LaTeX Font Info:    Trying to load font information for TS1+lmtt on input line 
4.
 (/usr/share/texmf/tex/latex/lm/ts1lmtt.fd
File: ts1lmtt.fd 2009/10/30 v1.6 Font defs for Latin Modern
))
\openout3 = `praca.pyg'.


(./_minted-praca/872F94EB14D90AF78507CD50DA64E42D90C80D1D842C64AB6C466D513F96AA
4A.pygtex)
\openout3 = `praca.pyg'.


(./_minted-praca/94F2B930C1C5349152397BCA20C8F3C490C80D1D842C64AB6C466D513F96AA
4A.pygtex)
Underfull \vbox (badness 10000) has occurred while \output is active []

File: pwr-logo.png Graphic file (type png)
<use pwr-logo.png>
Package pdftex.def Info: pwr-logo.png  used on input line 134.
(pdftex.def)             Requested size: 23.603pt x 23.49188pt.
 [35]
\openout3 = `praca.pyg'.


(./_minted-praca/1F04CDDAFDCCBABB711D8148D1D6588690C80D1D842C64AB6C466D513F96AA
4A.pygtex
LaTeX Font Info:    Font shape `OT4/lmtt/bx/n' in size <10> not available
(Font)              Font shape `OT4/lmtt/b/n' tried instead on input line 3.
)
\openout3 = `praca.pyg'.


(./_minted-praca/BD2ECEFD4A431933A0CB2F9D0F762B1090C80D1D842C64AB6C466D513F96AA
4A.pygtex)
\openout3 = `praca.pyg'.


(./_minted-praca/0C18508894BA6C7781B69B0EDC87C51490C80D1D842C64AB6C466D513F96AA
4A.pygtex)
Underfull \vbox (badness 10000) has occurred while \output is active []

File: wit-logo.png Graphic file (type png)
<use wit-logo.png>
Package pdftex.def Info: wit-logo.png  used on input line 189.
(pdftex.def)             Requested size: 23.603pt x 23.60228pt.
 [36]
\openout3 = `praca.pyg'.


(./_minted-praca/939A1D914E80374AEC8A6E02797809CE90C80D1D842C64AB6C466D513F96AA
4A.pygtex)
\openout3 = `praca.pyg'.


(./_minted-praca/7206BE80EC3B0287F0299DC26FB88ADC90C80D1D842C64AB6C466D513F96AA
4A.pygtex)
\openout3 = `praca.pyg'.


(./_minted-praca/1ABEADA772F80FAC13131AC6754AF7E790C80D1D842C64AB6C466D513F96AA
4A.pygtex)
File: pwr-logo.png Graphic file (type png)
<use pwr-logo.png>
Package pdftex.def Info: pwr-logo.png  used on input line 250.
(pdftex.def)             Requested size: 23.603pt x 23.49188pt.
 [37]
\openout3 = `praca.pyg'.


(./_minted-praca/490585445B1638252DC6387D9E4782DA90C80D1D842C64AB6C466D513F96AA
4A.pygtex)
\openout3 = `praca.pyg'.


(./_minted-praca/6368606CD297A999B15C503819971E1F90C80D1D842C64AB6C466D513F96AA
4A.pygtex)
Underfull \vbox (badness 2096) has occurred while \output is active []

File: wit-logo.png Graphic file (type png)
<use wit-logo.png>
Package pdftex.def Info: wit-logo.png  used on input line 299.
(pdftex.def)             Requested size: 23.603pt x 23.60228pt.
 [38]
\openout3 = `praca.pyg'.


(./_minted-praca/4FD28D2CD68C71A57E2D67BE48ACB0E490C80D1D842C64AB6C466D513F96AA
4A.pygtex)
Overfull \hbox (5.51456pt too wide) in paragraph at lines 322--324
[]\OT4/lmr/m/n/10 Warunki wy-klu-cza-nia sta-nw wy-ni-kaj wprost z in-for-ma-
cji za-war-tych w sek-cji [][]2.6.1[][]. Pre-dy-kat $\OML/plm/m/it/10 incosiste
nt=\OT4/cmr/m/n/10 2$
 []


Overfull \hbox (14.97833pt too wide) in paragraph at lines 325--328
[]\OT4/lmr/m/n/10 W przy-padku ge-ne-ro-wa-nia wy-klu-cze dla ak-cji na-ley j
e-dy-nie wspo-mnie o pre-dy-ka-tach: $\OML/plm/m/it/10 mutex[]for[]action=\OT4
/cmr/m/n/10 3$\OT4/lmr/m/n/10 ,
 []

\openout3 = `praca.pyg'.


(./_minted-praca/857251A88C493D24F146C0C86565FE0090C80D1D842C64AB6C466D513F96AA
4A.pygtex)
\openout3 = `praca.pyg'.


(./_minted-praca/14D08149FCC6A4F083E6E657DC47E43190C80D1D842C64AB6C466D513F96AA
4A.pygtex)
File: pwr-logo.png Graphic file (type png)
<use pwr-logo.png>
Package pdftex.def Info: pwr-logo.png  used on input line 360.
(pdftex.def)             Requested size: 23.603pt x 23.49188pt.
 [39]
\openout3 = `praca.pyg'.


(./_minted-praca/413E06F3BDB07C3051D48A14E1BAADEF90C80D1D842C64AB6C466D513F96AA
4A.pygtex)
Overfull \hbox (3.24329pt too wide) in paragraph at lines 384--387
\OT4/lmr/m/n/10 lej-nej war-stwy grafu przez al-go-rytm. Na-stp-nie do-cho-dzi
 do re-ku-ren-cyj-nego wy-wo-a-nia pre-dy-katu $\OML/plm/m/it/10 graphplan=\OT
4/cmr/m/n/10 4$
 []

<./pictures/txt_file.png, id=1086, 399.74344pt x 484.05844pt>
File: ./pictures/txt_file.png Graphic file (type png)
<use ./pictures/txt_file.png>
Package pdftex.def Info: ./pictures/txt_file.png  used on input line 398.
(pdftex.def)             Requested size: 199.87122pt x 242.02863pt.

Underfull \vbox (badness 1466) has occurred while \output is active []

File: wit-logo.png Graphic file (type png)
<use wit-logo.png>
Package pdftex.def Info: wit-logo.png  used on input line 402.
(pdftex.def)             Requested size: 23.603pt x 23.60228pt.
 [40]
<./pictures/GrafPelnyGen.png, id=1091, 119.69719pt x 478.03593pt>
File: ./pictures/GrafPelnyGen.png Graphic file (type png)
<use ./pictures/GrafPelnyGen.png>
Package pdftex.def Info: ./pictures/GrafPelnyGen.png  used on input line 437.
(pdftex.def)             Requested size: 59.84843pt x 239.01738pt.
<./pictures/parseInputInDepth.png, id=1092, 447.92343pt x 837.1275pt>
File: ./pictures/parseInputInDepth.png Graphic file (type png)
<use ./pictures/parseInputInDepth.png>
Package pdftex.def Info: ./pictures/parseInputInDepth.png  used on input line 4
43.
(pdftex.def)             Requested size: 223.96117pt x 418.56273pt.
File: pwr-logo.png Graphic file (type png)
<use pwr-logo.png>
Package pdftex.def Info: pwr-logo.png  used on input line 501.
(pdftex.def)             Requested size: 23.603pt x 23.49188pt.

[41 <./pictures/txt_file.png>]
Overfull \vbox (34.81381pt too high) has occurred while \output is active []

File: wit-logo.png Graphic file (type png)
<use wit-logo.png>
Package pdftex.def Info: wit-logo.png  used on input line 501.
(pdftex.def)             Requested size: 23.603pt x 23.60228pt.

[42 <./pictures/grafPelnyGen.png>]
File: pwr-logo.png Graphic file (type png)
<use pwr-logo.png>
Package pdftex.def Info: pwr-logo.png  used on input line 501.
(pdftex.def)             Requested size: 23.603pt x 23.49188pt.
 [43 <./pictures/parseInputInDepth.png>]

LaTeX Warning: Command \' invalid in math mode on input line 503.


LaTeX Warning: Command \' invalid in math mode on input line 503.

Missing character: There is no  in font plmi10!
Missing character: There is no  in font plmi10!
\openout3 = `praca.pyg'.


(./_minted-praca/A616B5D21F443FBA8BCE3B99B0DB20EC034E261799D9D111CF875282EB7E57
27.pygtex)
\openout3 = `praca.pyg'.


(./_minted-praca/FD1A124590240E7382FD4B7FCEBA0E98034E261799D9D111CF875282EB7E57
27.pygtex)
Underfull \vbox (badness 1331) has occurred while \output is active []

File: wit-logo.png Graphic file (type png)
<use wit-logo.png>
Package pdftex.def Info: wit-logo.png  used on input line 568.
(pdftex.def)             Requested size: 23.603pt x 23.60228pt.
 [44]
<./pictures/GrafPelny1.png, id=1144, 902.37125pt x 782.925pt>
File: ./pictures/GrafPelny1.png Graphic file (type png)
<use ./pictures/GrafPelny1.png>
Package pdftex.def Info: ./pictures/GrafPelny1.png  used on input line 575.
(pdftex.def)             Requested size: 225.59225pt x 195.73077pt.
<./pictures/GrafPelny2.png, id=1145, 2367.84625pt x 7287.225pt>
File: ./pictures/GrafPelny2.png Graphic file (type png)
<use ./pictures/GrafPelny2.png>
Package pdftex.def Info: ./pictures/GrafPelny2.png  used on input line 582.
(pdftex.def)             Requested size: 47.36691pt x 145.77527pt.

Underfull \vbox (badness 10000) has occurred while \output is active []

File: pwr-logo.png Graphic file (type png)
<use pwr-logo.png>
Package pdftex.def Info: pwr-logo.png  used on input line 586.
(pdftex.def)             Requested size: 23.603pt x 23.49188pt.
 [45 <./pictures/GrafPelny1.png>]
<./pictures/UML_simplified.png, id=1152, 745.28438pt x 680.5425pt>
File: ./pictures/UML_simplified.png Graphic file (type png)
<use ./pictures/UML_simplified.png>
Package pdftex.def Info: ./pictures/UML_simplified.png  used on input line 593.

(pdftex.def)             Requested size: 372.64128pt x 340.27042pt.
File: wit-logo.png Graphic file (type png)
<use wit-logo.png>
Package pdftex.def Info: wit-logo.png  used on input line 601.
(pdftex.def)             Requested size: 23.603pt x 23.60228pt.
 [46 <./pictures/GrafPelny2.png> <./pictures/UML_simplified.png>]
<./pictures/GrafProsty1.png, id=1159, 592.2125pt x 385.44pt>
File: ./pictures/GrafProsty1.png Graphic file (type png)
<use ./pictures/GrafProsty1.png>
Package pdftex.def Info: ./pictures/GrafProsty1.png  used on input line 609.
(pdftex.def)             Requested size: 296.10551pt x 192.71953pt.
<./pictures/GrafProsty2.png, id=1160, 1369.115pt x 710.655pt>
File: ./pictures/GrafProsty2.png Graphic file (type png)
<use ./pictures/GrafProsty2.png>
Package pdftex.def Info: ./pictures/GrafProsty2.png  used on input line 618.
(pdftex.def)             Requested size: 342.27791pt x 177.66331pt.

Underfull \vbox (badness 10000) has occurred while \output is active []

File: pwr-logo.png Graphic file (type png)
<use pwr-logo.png>
Package pdftex.def Info: pwr-logo.png  used on input line 622.
(pdftex.def)             Requested size: 23.603pt x 23.49188pt.
 [47 <./pictures/GrafProsty1.png>]

LaTeX Warning: Reference `InstallPython' on page 48 undefined on input line 628
.

<./pictures/GUIMain.png, id=1168, 927.465pt x 646.66594pt>
File: ./pictures/GUIMain.png Graphic file (type png)
<use ./pictures/GUIMain.png>
Package pdftex.def Info: ./pictures/GUIMain.png  used on input line 631.
(pdftex.def)             Requested size: 278.24164pt x 194.00127pt.
<./pictures/GUI3x3Empty.png, id=1172, 923.70094pt x 645.91313pt>
File: ./pictures/GUI3x3Empty.png Graphic file (type png)
<use ./pictures/GUI3x3Empty.png>
Package pdftex.def Info: ./pictures/GUI3x3Empty.png  used on input line 642.
(pdftex.def)             Requested size: 277.11243pt x 193.77544pt.

Underfull \vbox (badness 10000) has occurred while \output is active []

File: wit-logo.png Graphic file (type png)
<use wit-logo.png>
Package pdftex.def Info: wit-logo.png  used on input line 646.
(pdftex.def)             Requested size: 23.603pt x 23.60228pt.
 [48 <./pictures/GrafProsty2.png> <./pictures/GUIMain.png>]
<./pictures/CargoBOTEmpty.png, id=1177, 927.465pt x 641.39626pt>
File: ./pictures/CargoBOTEmpty.png Graphic file (type png)
<use ./pictures/CargoBOTEmpty.png>
Package pdftex.def Info: ./pictures/CargoBOTEmpty.png  used on input line 648.
(pdftex.def)             Requested size: 278.24164pt x 192.42035pt.

Overfull \hbox (0.27002pt too wide) in paragraph at lines 656--658
[]\OT4/lmr/m/n/10 Po zde-fi-niow-niu od-po-wied-niego stanu po-czt-ko-wego, pr
zy po-mocy przy-ci-sku "Wy-ge-ne-ruj graf"dokonywane
 []

<./pictures/GUI3x3Wypelnianie.png, id=1178, 925.20656pt x 646.66594pt>
File: ./pictures/GUI3x3Wypelnianie.png Graphic file (type png)
<use ./pictures/GUI3x3Wypelnianie.png>
Package pdftex.def Info: ./pictures/GUI3x3Wypelnianie.png  used on input line 6
60.
(pdftex.def)             Requested size: 277.5641pt x 194.00127pt.

Underfull \vbox (badness 10000) has occurred while \output is active []

File: pwr-logo.png Graphic file (type png)
<use pwr-logo.png>
Package pdftex.def Info: pwr-logo.png  used on input line 664.
(pdftex.def)             Requested size: 23.603pt x 23.49188pt.
 [49 <./pictures/GUI3x3Empty.png> <./pictures/CargoBOTEmpty.png>]
<./pictures/GUI3x3Wynik.png, id=1184, 928.21782pt x 639.89063pt>
File: ./pictures/GUI3x3Wynik.png Graphic file (type png)
<use ./pictures/GUI3x3Wynik.png>
Package pdftex.def Info: ./pictures/GUI3x3Wynik.png  used on input line 666.
(pdftex.def)             Requested size: 278.4675pt x 191.96866pt.

Underfull \vbox (badness 3872) has occurred while \output is active []

File: wit-logo.png Graphic file (type png)
<use wit-logo.png>
Package pdftex.def Info: wit-logo.png  used on input line 685.
(pdftex.def)             Requested size: 23.603pt x 23.60228pt.
 [50 <./pictures/GUI3x3Wypelnianie.png> <./pictures/GUI3x3Wynik.png>]
<./pictures/LiniaKomendWywolanie.png, id=1190, 544.28343pt x 280.79906pt>
File: ./pictures/LiniaKomendWywolanie.png Graphic file (type png)
<use ./pictures/LiniaKomendWywolanie.png>
Package pdftex.def Info: ./pictures/LiniaKomendWywolanie.png  used on input lin
e 706.
(pdftex.def)             Requested size: 272.14105pt x 140.39919pt.
)
File: pwr-logo.png Graphic file (type png)
<use pwr-logo.png>
Package pdftex.def Info: pwr-logo.png  used on input line 732.
(pdftex.def)             Requested size: 23.603pt x 23.49188pt.
 [51 <./pictures/LiniaKomendWywolanie.png>]
File: wit-logo.png Graphic file (type png)
<use wit-logo.png>
Package pdftex.def Info: wit-logo.png  used on input line 732.
(pdftex.def)             Requested size: 23.603pt x 23.60228pt.
 [52

] (./rozdzial5.tex
Rozdzia\l  5.

LaTeX Warning: Reference `InstallPython' on page 53 undefined on input line 23.


[53

])
File: wit-logo.png Graphic file (type png)
<use wit-logo.png>
Package pdftex.def Info: wit-logo.png  used on input line 735.
(pdftex.def)             Requested size: 23.603pt x 23.60228pt.
 [54] (./rozdzial6.tex
Rozdzia\l  6.
<./pictures/15_uoona.png, id=1211, 450.18187pt x 453.19313pt>
File: ./pictures/15_uoona.png Graphic file (type png)
<use ./pictures/15_uoona.png>
Package pdftex.def Info: ./pictures/15_uoona.png  used on input line 17.
(pdftex.def)             Requested size: 225.09038pt x 226.59601pt.
<./pictures/15_losowe.png, id=1212, 451.6875pt x 453.19313pt>
File: ./pictures/15_losowe.png Graphic file (type png)
<use ./pictures/15_losowe.png>
Package pdftex.def Info: ./pictures/15_losowe.png  used on input line 23.
(pdftex.def)             Requested size: 225.84319pt x 226.59601pt.

Underfull \vbox (badness 10000) has occurred while \output is active []

 [55


 <./pictures/15_uoona.png>]
<./pictures/15_obrazkowa.png, id=1218, 1204.5pt x 898.10532pt>
File: ./pictures/15_obrazkowa.png Graphic file (type png)
<use ./pictures/15_obrazkowa.png>
Package pdftex.def Info: ./pictures/15_obrazkowa.png  used on input line 29.
(pdftex.def)             Requested size: 180.6672pt x 134.70998pt.
File: wit-logo.png Graphic file (type png)
<use wit-logo.png>
Package pdftex.def Info: wit-logo.png  used on input line 58.
(pdftex.def)             Requested size: 23.603pt x 23.60228pt.
 [56 <./pictures/15_losowe.png> <./pictures/15_obrazkowa.png>]
<./pictures/15_przyklad.png, id=1234, 451.6875pt x 452.4403pt>
File: ./pictures/15_przyklad.png Graphic file (type png)
<use ./pictures/15_przyklad.png>
Package pdftex.def Info: ./pictures/15_przyklad.png  used on input line 70.
(pdftex.def)             Requested size: 225.84319pt x 226.2196pt.
<./pictures/15_zbiory_akcji.png, id=1235, 1062.21844pt x 525.46312pt>
File: ./pictures/15_zbiory_akcji.png Graphic file (type png)
<use ./pictures/15_zbiory_akcji.png>
Package pdftex.def Info: ./pictures/15_zbiory_akcji.png  used on input line 81.

(pdftex.def)             Requested size: 424.87985pt x 210.18152pt.

Underfull \vbox (badness 8151) has occurred while \output is active []

File: pwr-logo.png Graphic file (type png)
<use pwr-logo.png>
Package pdftex.def Info: pwr-logo.png  used on input line 85.
(pdftex.def)             Requested size: 23.603pt x 23.49188pt.
 [57 <./pictures/15_przyklad.png>]
<./pictures/15_graphplan.png, id=1242, 1466.47874pt x 1216.545pt>
File: ./pictures/15_graphplan.png Graphic file (type png)
<use ./pictures/15_graphplan.png>
Package pdftex.def Info: ./pictures/15_graphplan.png  used on input line 87.
(pdftex.def)             Requested size: 366.61879pt x 304.1355pt.
<./pictures/15_zamiany.png, id=1243, 646.66594pt x 576.65437pt>
File: ./pictures/15_zamiany.png Graphic file (type png)
<use ./pictures/15_zamiany.png>
Package pdftex.def Info: ./pictures/15_zamiany.png  used on input line 94.
(pdftex.def)             Requested size: 323.33217pt x 288.32648pt.

Underfull \vbox (badness 10000) has occurred while \output is active []

File: wit-logo.png Graphic file (type png)
<use wit-logo.png>
Package pdftex.def Info: wit-logo.png  used on input line 98.
(pdftex.def)             Requested size: 23.603pt x 23.60228pt.
 [58 <./pictures/15_zbiory_akcji.png> <./pictures/15_graphplan.png>]
<./pictures/mapowanieKlockow.png, id=1249, 1151.05031pt x 522.45187pt>
File: ./pictures/mapowanieKlockow.png Graphic file (type png)
<use ./pictures/mapowanieKlockow.png>
Package pdftex.def Info: ./pictures/mapowanieKlockow.png  used on input line 10
8.
(pdftex.def)             Requested size: 287.76187pt x 130.61264pt.
File: pwr-logo.png Graphic file (type png)
<use pwr-logo.png>
Package pdftex.def Info: pwr-logo.png  used on input line 118.
(pdftex.def)             Requested size: 23.603pt x 23.49188pt.
 [59 <./pictures/15_zamiany.png> <./pictures/mapowanieKlockow.png>]
\openout3 = `praca.pyg'.


(./_minted-praca/6CD901AF1E3132C0CAE8EDAB1EF608D190C80D1D842C64AB6C466D513F96AA
4A.pygtex)
\openout3 = `praca.pyg'.


(./_minted-praca/1A725ABF9BA9B91F87636806E80BB98D90C80D1D842C64AB6C466D513F96AA
4A.pygtex)
\openout3 = `praca.pyg'.


(./_minted-praca/A0ED1216CD22C1A228AEFC45C30637AC90C80D1D842C64AB6C466D513F96AA
4A.pygtex)
\openout3 = `praca.pyg'.


(./_minted-praca/8DF06054FCD6DB90BA445F1CE6883C2890C80D1D842C64AB6C466D513F96AA
4A.pygtex)
Underfull \vbox (badness 10000) has occurred while \output is active []

File: wit-logo.png Graphic file (type png)
<use wit-logo.png>
Package pdftex.def Info: wit-logo.png  used on input line 187.
(pdftex.def)             Requested size: 23.603pt x 23.60228pt.
 [60]
\openout3 = `praca.pyg'.


(./_minted-praca/AEECBBE87AD35BAFF5CAE064A3336A2690C80D1D842C64AB6C466D513F96AA
4A.pygtex)
File: pwr-logo.png Graphic file (type png)
<use pwr-logo.png>
Package pdftex.def Info: pwr-logo.png  used on input line 250.
(pdftex.def)             Requested size: 23.603pt x 23.49188pt.
 [61]

Package caption Warning: \label without proper reference on input line 69.
See the caption package documentation for explanation.


LaTeX Warning: Reference `Przyklad15' on page 62 undefined on input line 312.

File: wit-logo.png Graphic file (type png)
<use wit-logo.png>
Package pdftex.def Info: wit-logo.png  used on input line 323.
(pdftex.def)             Requested size: 23.603pt x 23.60228pt.
[62]
Underfull \vbox (badness 10000) has occurred while \output is active []

File: pwr-logo.png Graphic file (type png)
<use pwr-logo.png>
Package pdftex.def Info: pwr-logo.png  used on input line 419.
(pdftex.def)             Requested size: 23.603pt x 23.49188pt.
 [63]

Package caption Warning: \label without proper reference on input line 531.
See the caption package documentation for explanation.


LaTeX Warning: Reference `CargoObrazek' on page 64 undefined on input line 446.


File: wit-logo.png Graphic file (type png)
<use wit-logo.png>
Package pdftex.def Info: wit-logo.png  used on input line 452.
(pdftex.def)             Requested size: 23.603pt x 23.60228pt.
[64]
\openout3 = `praca.pyg'.


(./_minted-praca/358327910B0D82C8DA38EA0B51B3FB3990C80D1D842C64AB6C466D513F96AA
4A.pygtex)
\openout3 = `praca.pyg'.


(./_minted-praca/6FE328F645AC17D2C2C6EE5C00CC435B90C80D1D842C64AB6C466D513F96AA
4A.pygtex)
\openout3 = `praca.pyg'.


(./_minted-praca/70B5548757EFABDF2E0476952909846890C80D1D842C64AB6C466D513F96AA
4A.pygtex)
<./pictures/cargoBOT_przyklad.png, id=1283, 616.55344pt x 481.04718pt>
File: ./pictures/cargoBOT_przyklad.png Graphic file (type png)
<use ./pictures/cargoBOT_przyklad.png>
Package pdftex.def Info: ./pictures/cargoBOT_przyklad.png  used on input line 5
11.
(pdftex.def)             Requested size: 215.79694pt x 168.36903pt.

Underfull \vbox (badness 1005) has occurred while \output is active []

File: pwr-logo.png Graphic file (type png)
<use pwr-logo.png>
Package pdftex.def Info: pwr-logo.png  used on input line 514.
(pdftex.def)             Requested size: 23.603pt x 23.49188pt.
 [65]
<./pictures/cargo_przyklad1.png, id=1290, 914.66719pt x 627.09282pt>
File: ./pictures/cargo_przyklad1.png Graphic file (type png)
<use ./pictures/cargo_przyklad1.png>
Package pdftex.def Info: ./pictures/cargo_przyklad1.png  used on input line 518
.
(pdftex.def)             Requested size: 320.1383pt x 219.48578pt.
<./pictures/cargo_przyklad2.png, id=1291, 914.66719pt x 631.60968pt>
File: ./pictures/cargo_przyklad2.png Graphic file (type png)
<use ./pictures/cargo_przyklad2.png>
Package pdftex.def Info: ./pictures/cargo_przyklad2.png  used on input line 525
.
(pdftex.def)             Requested size: 365.8604pt x 252.63939pt.

Underfull \vbox (badness 10000) has occurred while \output is active []

File: wit-logo.png Graphic file (type png)
<use wit-logo.png>
Package pdftex.def Info: wit-logo.png  used on input line 529.
(pdftex.def)             Requested size: 23.603pt x 23.60228pt.
 [66 <./pictures/cargoBOT_przyklad.png> <./pictures/cargo_przyklad1.png>]
<./pictures/cargo_przyklad1_graf.png, id=1296, 1260.71pt x 1020.81375pt>
File: ./pictures/cargo_przyklad1_graf.png Graphic file (type png)
<use ./pictures/cargo_przyklad1_graf.png>
Package pdftex.def Info: ./pictures/cargo_przyklad1_graf.png  used on input lin
e 532.
(pdftex.def)             Requested size: 315.17673pt x 255.2028pt.
)
Underfull \vbox (badness 10000) has occurred while \output is active []

File: pwr-logo.png Graphic file (type png)
<use pwr-logo.png>
Package pdftex.def Info: pwr-logo.png  used on input line 738.
(pdftex.def)             Requested size: 23.603pt x 23.49188pt.
 [67 <./pictures/cargo_przyklad2.png> <./pictures/cargo_przyklad1_graf.png>]
File: wit-logo.png Graphic file (type png)
<use wit-logo.png>
Package pdftex.def Info: wit-logo.png  used on input line 738.
(pdftex.def)             Requested size: 23.603pt x 23.60228pt.
 [68]
(./podsumowanie.tex) [69


]
File: wit-logo.png Graphic file (type png)
<use wit-logo.png>
Package pdftex.def Info: wit-logo.png  used on input line 741.
(pdftex.def)             Requested size: 23.603pt x 23.60228pt.
 [70

] (./praca.bbl) [71

]
File: wit-logo.png Graphic file (type png)
<use wit-logo.png>
Package pdftex.def Info: wit-logo.png  used on input line 754.
(pdftex.def)             Requested size: 23.603pt x 23.60228pt.
 [72

] (./dodatek1.tex
Zacznik A.
) [73

]
File: wit-logo.png Graphic file (type png)
<use wit-logo.png>
Package pdftex.def Info: wit-logo.png  used on input line 766.
(pdftex.def)             Requested size: 23.603pt x 23.60228pt.
 [74

]
Package atveryend Info: Empty hook `BeforeClearDocument' on input line 768.
Package atveryend Info: Empty hook `AfterLastShipout' on input line 768.
 (./praca.aux)
Package atveryend Info: Executing hook `AtVeryEndDocument' on input line 768.
Package atveryend Info: Executing hook `AtEndAfterFileList' on input line 768.
Package rerunfilecheck Info: File `praca.out' has not changed.
(rerunfilecheck)             Checksum: 91F9A705802548FE57FC19F003118998;5665.


LaTeX Warning: There were undefined references.


LaTeX Warning: There were multiply-defined labels.

runsystem(rm praca.pyg)...executed.

 ) 
Here is how much of TeX's memory you used:
 18791 strings out of 483075
 309998 string characters out of 5963834
 658602 words of memory out of 5000000
 32870 multiletter control sequences out of 15000+600000
 606892 words of font info for 73 fonts, out of 8000000 for 9000
 118 hyphenation exceptions out of 8191
 42i,19n,54p,816b,577s stack positions out of 5000i,500n,10000p,200000b,80000s
{/usr/share/texmf/fonts/enc/dvips/lm/lm-rm.enc}{/usr/share/texmf/fonts/enc/dv
ips/lm/lm-rmtt.enc}{/usr/share/texmf/fonts/enc/dvips/lm/lm-ts1.enc}{/usr/share/
texlive/texmf-dist/fonts/enc/dvips/pl/plmi.enc}{/usr/share/texlive/texmf-dist/f
onts/enc/dvips/pl/plrm.enc}{/usr/share/texlive/texmf-dist/fonts/enc/dvips/pl/pl
ms.enc}{/usr/share/texmf/fonts/enc/dvips/lm/lm-rmsc.enc}</usr/share/texlive/tex
mf-dist/fonts/type1/public/bbold-type1/bbold10.pfb></usr/share/texmf/fonts/type
1/public/lm/lmbx10.pfb></usr/share/texmf/fonts/type1/public/lm/lmbx12.pfb></usr
/share/texmf/fonts/type1/public/lm/lmbx7.pfb></usr/share/texmf/fonts/type1/publ
ic/lm/lmbxi10.pfb></usr/share/texmf/fonts/type1/public/lm/lmcsc10.pfb></usr/sha
re/texmf/fonts/type1/public/lm/lmr10.pfb></usr/share/texmf/fonts/type1/public/l
m/lmr12.pfb></usr/share/texmf/fonts/type1/public/lm/lmr9.pfb></usr/share/texmf/
fonts/type1/public/lm/lmri10.pfb></usr/share/texmf/fonts/type1/public/lm/lmtk10
.pfb></usr/share/texmf/fonts/type1/public/lm/lmtt10.pfb></usr/share/texmf/fonts
/type1/public/lm/lmtti10.pfb></usr/share/texlive/texmf-dist/fonts/type1/public/
amsfonts/symbols/msam10.pfb></usr/share/texlive/texmf-dist/fonts/type1/public/p
l/plmi10.pfb></usr/share/texlive/texmf-dist/fonts/type1/public/pl/plmi7.pfb></u
sr/share/texlive/texmf-dist/fonts/type1/public/pl/plr10.pfb></usr/share/texlive
/texmf-dist/fonts/type1/public/pl/plr7.pfb></usr/share/texlive/texmf-dist/fonts
/type1/public/pl/plsy10.pfb>
Output written on praca.pdf (86 pages, 9594279 bytes).
PDF statistics:
 1496 PDF objects out of 1728 (max. 8388607)
 1299 compressed objects within 13 object streams
 398 named destinations out of 1000 (max. 500000)
 954 words of extra memory for PDF output out of 10000 (max. 10000000)

