\BOOKMARK [0][-]{Doc-Start}{Spis rysunk\363w}{}% 1
\BOOKMARK [0][-]{Doc-Start}{Spis tabel}{}% 2
\BOOKMARK [0][-]{Doc-Start}{Wstep}{}% 3
\BOOKMARK [0][-]{chapter.1}{Wprowadzenie}{}% 4
\BOOKMARK [1][-]{section.1.1}{Planowanie}{chapter.1}% 5
\BOOKMARK [1][-]{section.1.2}{Planowanie przy uzyciu komputer\363w}{chapter.1}% 6
\BOOKMARK [1][-]{section.1.3}{Uzycie graf\363w- motywacja}{chapter.1}% 7
\BOOKMARK [0][-]{chapter.2}{GRAPHPLAN}{}% 8
\BOOKMARK [1][-]{section.2.1}{Wprowadzenie}{chapter.2}% 9
\BOOKMARK [1][-]{section.2.2}{Warunki poczatkowe}{chapter.2}% 10
\BOOKMARK [1][-]{section.2.3}{Warstwy grafu}{chapter.2}% 11
\BOOKMARK [1][-]{section.2.4}{Typy operator\363w}{chapter.2}% 12
\BOOKMARK [1][-]{section.2.5}{Wzajemne wykluczanie}{chapter.2}% 13
\BOOKMARK [1][-]{section.2.6}{Wyszukiwanie planu}{chapter.2}% 14
\BOOKMARK [1][-]{section.2.7}{Prosty przyk\233ad}{chapter.2}% 15
\BOOKMARK [0][-]{chapter.3}{Programowanie ograniczen}{}% 16
\BOOKMARK [1][-]{section.3.1}{Wprowadzenie}{chapter.3}% 17
\BOOKMARK [1][-]{section.3.2}{Wykorzystanie w programowaniu w logice}{chapter.3}% 18
\BOOKMARK [1][-]{section.3.3}{Obrazowe przyk\233ady}{chapter.3}% 19
\BOOKMARK [0][-]{chapter.4}{Implementacja}{}% 20
\BOOKMARK [1][-]{section.4.1}{Po\233aczenia miedzy komponentami}{chapter.4}% 21
\BOOKMARK [1][-]{section.4.2}{Implementacja algorytmu}{chapter.4}% 22
\BOOKMARK [1][-]{section.4.3}{Generowanie graf\363w}{chapter.4}% 23
\BOOKMARK [1][-]{section.4.4}{Interfejs uzytkownika}{chapter.4}% 24
\BOOKMARK [0][-]{chapter.5}{Instalacja i wdrozenie}{}% 25
\BOOKMARK [1][-]{section.5.1}{Instalacja pakietu SWI-Prolog}{chapter.5}% 26
\BOOKMARK [1][-]{section.5.2}{Instalacja jezyka Python}{chapter.5}% 27
\BOOKMARK [1][-]{section.5.3}{Spos\363b uruchomienia programu}{chapter.5}% 28
\BOOKMARK [0][-]{chapter.6}{Testy}{}% 29
\BOOKMARK [1][-]{section.6.1}{15}{chapter.6}% 30
\BOOKMARK [2][-]{subsection.6.1.1}{Wprowadzenie}{section.6.1}% 31
\BOOKMARK [2][-]{subsection.6.1.2}{Przyk\233ad}{section.6.1}% 32
\BOOKMARK [2][-]{subsection.6.1.3}{Szczeg\363\233y implementacyjne}{section.6.1}% 33
\BOOKMARK [2][-]{subsection.6.1.4}{Wyniki}{section.6.1}% 34
\BOOKMARK [2][-]{subsection.6.1.5}{Wnioski}{section.6.1}% 35
\BOOKMARK [1][-]{section.6.2}{CargoBot}{chapter.6}% 36
\BOOKMARK [2][-]{subsection.6.2.1}{Wprowadzenie}{section.6.2}% 37
\BOOKMARK [2][-]{subsection.6.2.2}{Przyk\233ad}{section.6.2}% 38
\BOOKMARK [2][-]{subsection.6.2.3}{Szczeg\363\233y implementacyjne}{section.6.2}% 39
\BOOKMARK [2][-]{subsection.6.2.4}{Wyniki}{section.6.2}% 40
\BOOKMARK [2][-]{subsection.6.2.5}{Wnioski}{section.6.2}% 41
\BOOKMARK [1][-]{section.6.3}{Przemieszczanie w przestrzeni}{chapter.6}% 42
\BOOKMARK [2][-]{subsection.6.3.1}{Wprowadzenie}{section.6.3}% 43
\BOOKMARK [2][-]{subsection.6.3.2}{Przyk\233ad}{section.6.3}% 44
\BOOKMARK [2][-]{subsection.6.3.3}{Szczeg\363\233y implementacyjne}{section.6.3}% 45
\BOOKMARK [2][-]{subsection.6.3.4}{Wyniki}{section.6.3}% 46
\BOOKMARK [2][-]{subsection.6.3.5}{Wnioski}{section.6.3}% 47
\BOOKMARK [1][-]{section.6.4}{Wieza Hanoi}{chapter.6}% 48
\BOOKMARK [2][-]{subsection.6.4.1}{Wprowadzenie}{section.6.4}% 49
\BOOKMARK [2][-]{subsection.6.4.2}{Przyk\233ad}{section.6.4}% 50
\BOOKMARK [2][-]{subsection.6.4.3}{Szczeg\363\233y implementacyjne}{section.6.4}% 51
\BOOKMARK [2][-]{subsection.6.4.4}{Wyniki}{section.6.4}% 52
\BOOKMARK [2][-]{subsection.6.4.5}{Wnioski}{section.6.4}% 53
\BOOKMARK [1][-]{section.6.5}{Lis, Ges i Ziarno}{chapter.6}% 54
\BOOKMARK [2][-]{subsection.6.5.1}{Wprowadzenie}{section.6.5}% 55
\BOOKMARK [2][-]{subsection.6.5.2}{Przyk\233ad}{section.6.5}% 56
\BOOKMARK [2][-]{subsection.6.5.3}{Szczeg\363\233y implementacyjne}{section.6.5}% 57
\BOOKMARK [2][-]{subsection.6.5.4}{Wyniki}{section.6.5}% 58
\BOOKMARK [2][-]{subsection.6.5.5}{Wnioski}{section.6.5}% 59
\BOOKMARK [1][-]{section.6.6}{Problem komiwojazera}{chapter.6}% 60
\BOOKMARK [2][-]{subsection.6.6.1}{Wprowadzenie}{section.6.6}% 61
\BOOKMARK [2][-]{subsection.6.6.2}{Przyk\233ad}{section.6.6}% 62
\BOOKMARK [2][-]{subsection.6.6.3}{Szczeg\363\233y implementacyjne}{section.6.6}% 63
\BOOKMARK [2][-]{subsection.6.6.4}{Wyniki}{section.6.6}% 64
\BOOKMARK [2][-]{subsection.6.6.5}{Wnioski}{section.6.6}% 65
\BOOKMARK [1][-]{section.6.7}{Osiem Hetman\363w}{chapter.6}% 66
\BOOKMARK [2][-]{subsection.6.7.1}{Wprowadzenie}{section.6.7}% 67
\BOOKMARK [2][-]{subsection.6.7.2}{Przyk\233ad}{section.6.7}% 68
\BOOKMARK [2][-]{subsection.6.7.3}{Szczeg\363\233y implementacyjne}{section.6.7}% 69
\BOOKMARK [2][-]{subsection.6.7.4}{Wyniki}{section.6.7}% 70
\BOOKMARK [2][-]{subsection.6.7.5}{Wnioski}{section.6.7}% 71
\BOOKMARK [0][-]{chapter*.2}{Podsumowanie}{}% 72
\BOOKMARK [0][-]{chapter*.3}{Bibliografia}{}% 73
\BOOKMARK [0][-]{appendix.A}{Zawartosc p\233yty CD}{}% 74
